✅ .env loaded.
✅ Next.js prepared

╔═══════════════════════════════════════════════════════════════╗
║                                                               ║
║   🚀 ChatChain + Fortress Server Started!                    ║
║                                                               ║
║   Next.js:      http://localhost:3000                        ║
║   WebSocket:    ws://localhost:3000                          ║
║                                                               ║
║   🏰 Fortress game is now accessible through the tunnel!      ║
║                                                               ║
╚═══════════════════════════════════════════════════════════════╝
      
 GET /api/music 200 in 418ms (compile: 394ms, render: 24ms)
Error handling upgrade request TypeError: undefined is not an object (evaluating 'message')
    at abortHandshake (ws:531:14)
    at completeUpgrade (ws:871:21)
    at handleUpgrade (ws:921:25)
 GET /api/music 200 in 6ms (compile: 2ms, render: 4ms)
 GET /api/chat?roomId=lobby-1 200 in 49ms (compile: 42ms, render: 7ms)
 GET /api/chat?roomId=lobby-1 200 in 8ms (compile: 2ms, render: 5ms)
 GET /api/music 200 in 16ms (compile: 3ms, render: 12ms)
 GET /api/duel?action=get_pending&userId=admin-vi4hdd4jsmp 200 in 57ms (compile: 49ms, render: 8ms)
 GET /api/music 200 in 6ms (compile: 2ms, render: 4ms)
 GET /api/music 200 in 13ms (compile: 3ms, render: 10ms)
 GET /api/chat?roomId=lobby-1 200 in 7ms (compile: 2ms, render: 5ms)
 GET /api/music 200 in 6ms (compile: 2ms, render: 4ms)
 GET /api/chat?roomId=lobby-1 200 in 5ms (compile: 1511µs, render: 3ms)
 GET /api/music 200 in 10ms (compile: 3ms, render: 6ms)
 GET /api/duel?action=get_pending&userId=admin-vi4hdd4jsmp 200 in 9ms (compile: 3ms, render: 6ms)
 GET /api/chat?roomId=lobby-1 200 in 15ms (compile: 3ms, render: 12ms)
 GET /api/music 200 in 9ms (compile: 5ms, render: 4ms)
 GET /api/music 200 in 7ms (compile: 2ms, render: 5ms)
 GET /api/chat?roomId=lobby-1 200 in 7ms (compile: 1523µs, render: 5ms)
 GET /api/music 200 in 7ms (compile: 2ms, render: 4ms)
 GET /api/chat?roomId=lobby-1 200 in 11ms (compile: 2ms, render: 9ms)
 GET /api/music 200 in 11ms (compile: 7ms, render: 5ms)
 GET /api/music 200 in 7ms (compile: 3ms, render: 4ms)
 GET /api/chat?roomId=lobby-1 200 in 5ms (compile: 1259µs, render: 3ms)
 GET /api/music 200 in 6ms (compile: 2ms, render: 4ms)
 GET /api/duel?action=get_pending&userId=admin-vi4hdd4jsmp 200 in 6ms (compile: 2ms, render: 3ms)
 GET /api/music 200 in 7ms (compile: 3ms, render: 5ms)
 GET /api/chat?roomId=lobby-1 200 in 7ms (compile: 1566µs, render: 6ms)
Error handling upgrade request TypeError: undefined is not an object (evaluating 'message')
    at abortHandshake (ws:531:14)
    at completeUpgrade (ws:871:21)
    at handleUpgrade (ws:921:25)
 GET /api/music 200 in 8ms (compile: 3ms, render: 5ms)
 GET /api/chat?roomId=lobby-1 200 in 4ms (compile: 1667µs, render: 3ms)
 GET /api/music 200 in 5ms (compile: 1937µs, render: 4ms)
 GET /api/music 200 in 6ms (compile: 1901µs, render: 4ms)
 GET /api/chat?roomId=lobby-1 200 in 5ms (compile: 1577µs, render: 4ms)
 GET /api/chat?roomId=lobby-1 200 in 11ms (compile: 2ms, render: 9ms)
 GET /api/music 200 in 11ms (compile: 6ms, render: 5ms)
 GET /api/duel?action=get_pending&userId=admin-vi4hdd4jsmp 200 in 8ms (compile: 2ms, render: 6ms)
 GET /api/music 200 in 6ms (compile: 2ms, render: 4ms)
 GET /api/music 200 in 9ms (compile: 2ms, render: 7ms)
 GET /api/chat?roomId=lobby-1 200 in 10ms (compile: 1850µs, render: 8ms)
 GET /api/music 200 in 8ms (compile: 2ms, render: 6ms)
 GET /api/chat?roomId=lobby-1 200 in 5ms (compile: 1299µs, render: 4ms)
 GET /api/music 200 in 6ms (compile: 1705µs, render: 4ms)
 GET /api/music 200 in 8ms (compile: 3ms, render: 5ms)
 GET /api/chat?roomId=lobby-1 200 in 6ms (compile: 1950µs, render: 4ms)
 GET /api/duel?action=get_pending&userId=admin-vi4hdd4jsmp 200 in 4ms (compile: 1117µs, render: 3ms)
 GET /api/music 200 in 7ms (compile: 1759µs, render: 5ms)
 GET /api/chat?roomId=lobby-1 200 in 5ms (compile: 1189µs, render: 4ms)
 GET /api/music 200 in 6ms (compile: 1802µs, render: 4ms)
 GET /api/music 200 in 6ms (compile: 1620µs, render: 4ms)
 GET /api/chat?roomId=lobby-1 200 in 4ms (compile: 1178µs, render: 3ms)
 GET /api/music 200 in 7ms (compile: 1918µs, render: 5ms)
 GET /api/chat?roomId=lobby-1 200 in 5ms (compile: 1412µs, render: 3ms)
 GET /api/music 200 in 11ms (compile: 5ms, render: 6ms)
 GET /api/duel?action=get_pending&userId=admin-vi4hdd4jsmp 200 in 8ms (compile: 5ms, render: 2ms)
Error handling upgrade request TypeError: undefined is not an object (evaluating 'message')
    at abortHandshake (ws:531:14)
    at completeUpgrade (ws:871:21)
    at handleUpgrade (ws:921:25)
 GET /api/music 200 in 5ms (compile: 1640µs, render: 3ms)
 GET /api/chat?roomId=lobby-1 200 in 5ms (compile: 1170µs, render: 4ms)
 GET /api/music 200 in 8ms (compile: 1742µs, render: 6ms)
 GET /api/chat?roomId=lobby-1 200 in 4ms (compile: 1086µs, render: 3ms)
 GET /api/music 200 in 6ms (compile: 1762µs, render: 4ms)
 GET /api/music 200 in 6ms (compile: 1995µs, render: 4ms)
 GET /api/chat?roomId=lobby-1 200 in 4ms (compile: 1089µs, render: 3ms)
 GET /api/music 200 in 5ms (compile: 1474µs, render: 3ms)
 GET /api/chat?roomId=lobby-1 200 in 5ms (compile: 1046µs, render: 4ms)
 GET /api/duel?action=get_pending&userId=admin-vi4hdd4jsmp 200 in 4ms (compile: 953µs, render: 3ms)
 GET /api/music 200 in 6ms (compile: 1979µs, render: 4ms)
 GET /api/music 200 in 10ms (compile: 2ms, render: 8ms)
 GET /api/chat?roomId=lobby-1 200 in 9ms (compile: 5ms, render: 4ms)
 GET /api/music 200 in 6ms (compile: 1587µs, render: 4ms)
 GET /api/chat?roomId=lobby-1 200 in 5ms (compile: 1112µs, render: 4ms)
 GET /api/music 200 in 5ms (compile: 1560µs, render: 3ms)
 GET /api/chat?roomId=lobby-1 200 in 7ms (compile: 1777µs, render: 5ms)
 GET /api/music 200 in 5ms (compile: 1090µs, render: 3ms)
 GET /api/duel?action=get_pending&userId=admin-vi4hdd4jsmp 200 in 5ms (compile: 1593µs, render: 4ms)
 GET /api/music 200 in 7ms (compile: 1847µs, render: 5ms)
 GET /api/chat?roomId=lobby-1 200 in 5ms (compile: 1138µs, render: 3ms)
 GET /api/music 200 in 5ms (compile: 1630µs, render: 4ms)
 GET /api/music 200 in 6ms (compile: 1613µs, render: 5ms)
 GET /api/chat?roomId=lobby-1 200 in 10ms (compile: 1053µs, render: 9ms)
Error handling upgrade request TypeError: undefined is not an object (evaluating 'message')
    at abortHandshake (ws:531:14)
    at completeUpgrade (ws:871:21)
    at handleUpgrade (ws:921:25)
 GET /api/music 200 in 5ms (compile: 1522µs, render: 4ms)
 GET /api/chat?roomId=lobby-1 200 in 5ms (compile: 1121µs, render: 3ms)
 GET /api/music 200 in 7ms (compile: 2ms, render: 5ms)
 GET /api/duel?action=get_pending&userId=admin-vi4hdd4jsmp 200 in 6ms (compile: 1955µs, render: 4ms)
 GET /api/music 200 in 6ms (compile: 1623µs, render: 4ms)
 GET /api/chat?roomId=lobby-1 200 in 5ms (compile: 1188µs, render: 4ms)
 GET /api/music 200 in 5ms (compile: 1901µs, render: 3ms)
 GET /api/chat?roomId=lobby-1 200 in 4ms (compile: 1095µs, render: 3ms)
 GET /api/music 200 in 6ms (compile: 1842µs, render: 4ms)
 GET /api/music 200 in 11ms (compile: 2ms, render: 8ms)
 GET /api/chat?roomId=lobby-1 200 in 5ms (compile: 1053µs, render: 4ms)
 GET /api/music 200 in 5ms (compile: 1615µs, render: 4ms)
 GET /api/chat?roomId=lobby-1 200 in 4ms (compile: 1051µs, render: 3ms)
 GET /api/duel?action=get_pending&userId=admin-vi4hdd4jsmp 200 in 4ms (compile: 1471µs, render: 3ms)
 GET /api/music 200 in 5ms (compile: 1527µs, render: 4ms)
 GET /api/music 200 in 6ms (compile: 1812µs, render: 4ms)
 GET /api/chat?roomId=lobby-1 200 in 5ms (compile: 1358µs, render: 4ms)
 GET /api/music 200 in 5ms (compile: 1603µs, render: 3ms)
 GET /api/chat?roomId=lobby-1 200 in 6ms (compile: 2ms, render: 3ms)
 GET /api/music 200 in 6ms (compile: 3ms, render: 4ms)
 GET /api/chat?roomId=lobby-1 200 in 8ms (compile: 3ms, render: 5ms)
 GET /api/duel?action=get_pending&userId=admin-vi4hdd4jsmp 200 in 10ms (compile: 1573µs, render: 8ms)
 GET /api/music 200 in 14ms (compile: 6ms, render: 9ms)
 GET /api/music 200 in 21ms (compile: 4ms, render: 17ms)
 GET /api/chat?roomId=lobby-1 200 in 14ms (compile: 8ms, render: 6ms)
Error handling upgrade request TypeError: undefined is not an object (evaluating 'message')
    at abortHandshake (ws:531:14)
    at completeUpgrade (ws:871:21)
    at handleUpgrade (ws:921:25)
 GET /api/music 200 in 6ms (compile: 1808µs, render: 4ms)
 GET /api/music 200 in 6ms (compile: 1532µs, render: 4ms)
 GET /api/chat?roomId=lobby-1 200 in 6ms (compile: 3ms, render: 3ms)
 GET /api/music 200 in 9ms (compile: 1720µs, render: 7ms)
 GET /api/chat?roomId=lobby-1 200 in 8ms (compile: 5ms, render: 3ms)
 GET /api/duel?action=get_pending&userId=admin-vi4hdd4jsmp 200 in 10ms (compile: 2ms, render: 8ms)
 GET /api/music 200 in 10ms (compile: 6ms, render: 4ms)
 GET /api/music 200 in 5ms (compile: 2ms, render: 3ms)
 GET /api/chat?roomId=lobby-1 200 in 3ms (compile: 1222µs, render: 2ms)
 GET /api/music 200 in 10ms (compile: 1984µs, render: 8ms)
 GET /api/chat?roomId=lobby-1 200 in 9ms (compile: 6ms, render: 3ms)
 GET /api/music 200 in 5ms (compile: 1467µs, render: 3ms)
 GET /api/music 200 in 6ms (compile: 2ms, render: 4ms)
 GET /api/chat?roomId=lobby-1 200 in 5ms (compile: 1494µs, render: 3ms)
 GET /api/music 200 in 6ms (compile: 1539µs, render: 4ms)
 GET /api/chat?roomId=lobby-1 200 in 4ms (compile: 1231µs, render: 3ms)
 GET /api/duel?action=get_pending&userId=admin-vi4hdd4jsmp 200 in 4ms (compile: 1250µs, render: 3ms)
 GET /api/music 200 in 11ms (compile: 4ms, render: 6ms)
 GET /api/music 200 in 7ms (compile: 2ms, render: 4ms)
 GET /api/chat?roomId=lobby-1 200 in 4ms (compile: 1088µs, render: 3ms)
 GET /api/chat?roomId=lobby-1 200 in 6ms (compile: 1596µs, render: 5ms)
 GET /api/music 200 in 4ms (compile: 1385µs, render: 2ms)
 GET /api/music 200 in 5ms (compile: 1824µs, render: 4ms)

🛑 Received SIGTERM...
error during shutdown: already_shutting_down
