✅ Next.js prepared
DEPRECATION WARNING: 'pingInterval', 'pingMaxRetries', 'server', and 'verifyClient' Server options will be permanently moved to WebSocketTransport on v0.15
new Server({
  transport: new WebSocketTransport({
    pingInterval: ...,
    pingMaxRetries: ...,
    server: ...,
    verifyClient: ...
  })
})
👉 Documentation: https://docs.colyseus.io/server/transport/

╔═══════════════════════════════════════════════════════════════╗
║                                                               ║
║   🚀 ChatChain + Fortress Server Started!                    ║
║                                                               ║
║   Next.js:      http://localhost:3000                        ║
║   WebSocket:    ws://localhost:3000                          ║
║                                                               ║
║   🏰 Fortress game is now accessible through the tunnel!      ║
║                                                               ║
╚═══════════════════════════════════════════════════════════════╝
      
 GET /api/chat?roomId=lobby-1 200 in 508ms (compile: 424ms, render: 84ms)
 GET /api/duel?action=get_pending&userId=admin-vi4hdd4jsmp 200 in 518ms (compile: 479ms, render: 39ms)
 GET /api/music 200 in 509ms (compile: 499ms, render: 10ms)
 GET /api/music 200 in 7ms (compile: 2ms, render: 5ms)
 GET /api/duel?action=get_pending&userId=admin-vi4hdd4jsmp 200 in 11ms (compile: 3ms, render: 7ms)
 GET /api/chat?roomId=lobby-1 200 in 10ms (compile: 6ms, render: 4ms)
 GET /api/music 200 in 6ms (compile: 2ms, render: 4ms)
 GET /api/music 200 in 13ms (compile: 4ms, render: 9ms)
 GET /api/chat?roomId=lobby-1 200 in 11ms (compile: 2ms, render: 9ms)
 GET /api/music 200 in 6ms (compile: 2ms, render: 4ms)
 GET /api/music 200 in 7ms (compile: 3ms, render: 4ms)
 GET /api/chat?roomId=lobby-1 200 in 7ms (compile: 2ms, render: 5ms)
 GET /api/music 200 in 8ms (compile: 3ms, render: 5ms)
 GET /api/chat?roomId=lobby-1 200 in 6ms (compile: 1418µs, render: 4ms)
 GET /api/duel?action=get_pending&userId=admin-vi4hdd4jsmp 200 in 7ms (compile: 2ms, render: 5ms)
 GET /api/music 200 in 10ms (compile: 6ms, render: 4ms)
 GET /api/music 200 in 15ms (compile: 3ms, render: 11ms)
 GET /api/chat?roomId=lobby-1 200 in 7ms (compile: 1963µs, render: 5ms)
 GET /api/chat?roomId=lobby-1 200 in 11ms (compile: 2ms, render: 8ms)
 GET /api/music 200 in 10ms (compile: 6ms, render: 4ms)
 GET /api/music 200 in 6ms (compile: 2ms, render: 4ms)
Error: seat reservation expired.
    at onConnection (/home/z/my-project/node_modules/@colyseus/ws-transport/build/WebSocketTransport.mjs:79:19)
    at emit (node:events:98:22)
    at completeUpgrade (ws:869:9)
    at handleUpgrade (ws:921:25)
    at doUpgrade (ws:789:27)
    at emit (node:events:101:22)
    at onNodeHTTPRequest (node:_http_server:347:26)
Error handling upgrade request TypeError: undefined is not an object (evaluating 'message')
    at abortHandshake (ws:531:14)
    at completeUpgrade (ws:871:21)
    at handleUpgrade (ws:921:25)
 GET /api/music 200 in 7ms (compile: 3ms, render: 5ms)
 GET /api/chat?roomId=lobby-1 200 in 5ms (compile: 1508µs, render: 4ms)
 GET /api/duel?action=get_pending&userId=admin-vi4hdd4jsmp 200 in 13ms (compile: 3ms, render: 10ms)
 GET /api/music 200 in 6ms (compile: 1455µs, render: 4ms)
 GET /api/chat?roomId=lobby-1 200 in 5ms (compile: 1133µs, render: 4ms)
 GET /api/music 200 in 6ms (compile: 1925µs, render: 5ms)
 GET /api/chat?roomId=lobby-1 200 in 15ms (compile: 2ms, render: 13ms)
 GET /api/music 200 in 15ms (compile: 10ms, render: 4ms)
 GET /api/music 200 in 5ms (compile: 1706µs, render: 4ms)
 GET /api/chat?roomId=lobby-1 200 in 4ms (compile: 1234µs, render: 3ms)
 GET /api/music 200 in 6ms (compile: 1716µs, render: 4ms)
 GET /api/music 200 in 7ms (compile: 1929µs, render: 5ms)
 GET /api/chat?roomId=lobby-1 200 in 15ms (compile: 2ms, render: 13ms)
 GET /api/duel?action=get_pending&userId=admin-vi4hdd4jsmp 200 in 5ms (compile: 1400µs, render: 3ms)
 GET /api/music 200 in 11ms (compile: 3ms, render: 8ms)
 GET /api/chat?roomId=lobby-1 200 in 11ms (compile: 1649µs, render: 9ms)
 GET /api/music 200 in 5ms (compile: 1723µs, render: 4ms)
 GET /api/music 200 in 6ms (compile: 1574µs, render: 4ms)
 GET /api/chat?roomId=lobby-1 200 in 4ms (compile: 1196µs, render: 3ms)
 GET /api/chat?roomId=lobby-1 200 in 7ms (compile: 1703µs, render: 5ms)
 GET /api/music 200 in 4ms (compile: 1112µs, render: 3ms)
 GET /api/music 200 in 11ms (compile: 2ms, render: 9ms)
 GET /api/duel?action=get_pending&userId=admin-vi4hdd4jsmp 200 in 11ms (compile: 6ms, render: 4ms)
 GET /api/music 200 in 6ms (compile: 1681µs, render: 5ms)
 GET /api/chat?roomId=lobby-1 200 in 4ms (compile: 1037µs, render: 3ms)
 GET /api/music 200 in 6ms (compile: 1751µs, render: 5ms)
 GET /api/chat?roomId=lobby-1 200 in 4ms (compile: 1269µs, render: 3ms)
Error: seat reservation expired.
    at onConnection (/home/z/my-project/node_modules/@colyseus/ws-transport/build/WebSocketTransport.mjs:79:19)
    at emit (node:events:98:22)
    at completeUpgrade (ws:869:9)
    at handleUpgrade (ws:921:25)
    at doUpgrade (ws:789:27)
    at emit (node:events:101:22)
    at onNodeHTTPRequest (node:_http_server:347:26)
Error handling upgrade request TypeError: undefined is not an object (evaluating 'message')
    at abortHandshake (ws:531:14)
    at completeUpgrade (ws:871:21)
    at handleUpgrade (ws:921:25)
 GET /api/music 200 in 7ms (compile: 1908µs, render: 5ms)
 GET /api/music 200 in 9ms (compile: 2ms, render: 6ms)
 GET /api/chat?roomId=lobby-1 200 in 18ms (compile: 6ms, render: 11ms)
 GET /api/music 200 in 5ms (compile: 1641µs, render: 4ms)
 GET /api/chat?roomId=lobby-1 200 in 4ms (compile: 1239µs, render: 3ms)
 GET /api/duel?action=get_pending&userId=admin-vi4hdd4jsmp 200 in 8ms (compile: 6ms, render: 2ms)
 GET /api/music 200 in 5ms (compile: 1488µs, render: 4ms)
 GET /api/music 200 in 5ms (compile: 1652µs, render: 4ms)
 GET /api/chat?roomId=lobby-1 200 in 5ms (compile: 1090µs, render: 4ms)
 GET /api/music 200 in 5ms (compile: 1554µs, render: 3ms)
 GET /api/chat?roomId=lobby-1 200 in 6ms (compile: 1131µs, render: 5ms)
 GET /api/music 200 in 5ms (compile: 1767µs, render: 4ms)
 GET /api/music 200 in 5ms (compile: 1449µs, render: 4ms)
 GET /api/duel?action=get_pending&userId=admin-vi4hdd4jsmp 200 in 4ms (compile: 1068µs, render: 3ms)
 GET /api/chat?roomId=lobby-1 200 in 7ms (compile: 1750µs, render: 5ms)
 GET /api/music 200 in 6ms (compile: 1648µs, render: 4ms)
 GET /api/chat?roomId=lobby-1 200 in 5ms (compile: 1272µs, render: 4ms)
 GET /api/music 200 in 5ms (compile: 1440µs, render: 4ms)
 GET /api/music 200 in 6ms (compile: 1644µs, render: 4ms)
 GET /api/chat?roomId=lobby-1 200 in 4ms (compile: 1101µs, render: 3ms)
 GET /api/music 200 in 7ms (compile: 2ms, render: 5ms)
 GET /api/chat?roomId=lobby-1 200 in 5ms (compile: 1208µs, render: 3ms)
 GET /api/game-config 200 in 53ms (compile: 49ms, render: 4ms)
🏰 Fortress Room created!
🏰 Loaded 0 players
 GET /api/music 200 in 5ms (compile: 1481µs, render: 4ms)
 GET /api/duel?action=get_pending&userId=admin-vi4hdd4jsmp 200 in 5ms (compile: 1687µs, render: 4ms)
Error: seat reservation expired.
    at onConnection (/home/z/my-project/node_modules/@colyseus/ws-transport/build/WebSocketTransport.mjs:79:19)
    at emit (node:events:98:22)
    at completeUpgrade (ws:869:9)
    at handleUpgrade (ws:921:25)
    at doUpgrade (ws:789:27)
    at emit (node:events:101:22)
    at onNodeHTTPRequest (node:_http_server:347:26)
Error handling upgrade request TypeError: undefined is not an object (evaluating 'message')
    at abortHandshake (ws:531:14)
    at completeUpgrade (ws:871:21)
    at handleUpgrade (ws:921:25)
 GET /api/music 200 in 6ms (compile: 2ms, render: 4ms)
 GET /api/chat?roomId=lobby-1 200 in 5ms (compile: 1080µs, render: 3ms)
 GET /api/chat?roomId=lobby-1 200 in 8ms (compile: 1594µs, render: 6ms)
 GET /api/music 200 in 4ms (compile: 1740µs, render: 2ms)
 GET /api/music 200 in 6ms (compile: 1584µs, render: 4ms)
 GET /api/music 200 in 5ms (compile: 1516µs, render: 4ms)
 GET /api/chat?roomId=lobby-1 200 in 4ms (compile: 1127µs, render: 3ms)
 GET /api/music 200 in 5ms (compile: 1560µs, render: 4ms)
 GET /api/duel?action=get_pending&userId=admin-vi4hdd4jsmp 200 in 9ms (compile: 2ms, render: 7ms)
 GET /api/chat?roomId=lobby-1 200 in 15ms (compile: 4ms, render: 11ms)
 GET /api/music 200 in 5ms (compile: 1613µs, render: 4ms)
 GET /api/music 200 in 5ms (compile: 1484µs, render: 4ms)
 GET /api/chat?roomId=lobby-1 200 in 9ms (compile: 1067µs, render: 8ms)
 GET /api/music 200 in 5ms (compile: 1413µs, render: 4ms)
 GET /api/chat?roomId=lobby-1 200 in 4ms (compile: 1047µs, render: 3ms)
 GET /api/music 200 in 5ms (compile: 1464µs, render: 3ms)
 GET /api/music 200 in 6ms (compile: 1735µs, render: 4ms)
 GET /api/chat?roomId=lobby-1 200 in 5ms (compile: 1344µs, render: 3ms)
 GET /api/duel?action=get_pending&userId=admin-vi4hdd4jsmp 200 in 4ms (compile: 1039µs, render: 3ms)
 GET /api/music 200 in 5ms (compile: 1601µs, render: 4ms)
 GET /api/chat?roomId=lobby-1 200 in 5ms (compile: 1180µs, render: 4ms)
 GET /api/music 200 in 6ms (compile: 2ms, render: 4ms)
 GET /api/music 200 in 6ms (compile: 1776µs, render: 4ms)
 GET /api/chat?roomId=lobby-1 200 in 4ms (compile: 1374µs, render: 3ms)
Error: seat reservation expired.
    at onConnection (/home/z/my-project/node_modules/@colyseus/ws-transport/build/WebSocketTransport.mjs:79:19)
    at emit (node:events:98:22)
    at completeUpgrade (ws:869:9)
    at handleUpgrade (ws:921:25)
    at doUpgrade (ws:789:27)
    at emit (node:events:101:22)
    at onNodeHTTPRequest (node:_http_server:347:26)
Error handling upgrade request TypeError: undefined is not an object (evaluating 'message')
    at abortHandshake (ws:531:14)
    at completeUpgrade (ws:871:21)
    at handleUpgrade (ws:921:25)
 GET /api/music 200 in 5ms (compile: 1576µs, render: 4ms)
 GET /api/chat?roomId=lobby-1 200 in 5ms (compile: 1165µs, render: 3ms)
 GET /api/duel?action=get_pending&userId=admin-vi4hdd4jsmp 200 in 13ms (compile: 3ms, render: 10ms)
 GET /api/music 200 in 13ms (compile: 8ms, render: 5ms)
 GET /api/music 200 in 11ms (compile: 4ms, render: 7ms)
 GET /api/chat?roomId=lobby-1 200 in 9ms (compile: 1787µs, render: 7ms)
 GET /api/chat?roomId=lobby-1 200 in 6ms (compile: 1623µs, render: 4ms)
 GET /api/music 200 in 4ms (compile: 1155µs, render: 3ms)
 GET /api/music 200 in 5ms (compile: 1783µs, render: 4ms)
 GET /api/chat?roomId=lobby-1 200 in 7ms (compile: 1542µs, render: 6ms)
 GET /api/music 200 in 7ms (compile: 4ms, render: 3ms)
 GET /api/music 200 in 5ms (compile: 1591µs, render: 3ms)
 GET /api/chat?roomId=lobby-1 200 in 8ms (compile: 1035µs, render: 7ms)
 GET /api/duel?action=get_pending&userId=admin-vi4hdd4jsmp 200 in 6ms (compile: 1358µs, render: 4ms)
 GET /api/music 200 in 5ms (compile: 1571µs, render: 4ms)
 GET /api/music 200 in 6ms (compile: 1522µs, render: 5ms)
 GET /api/chat?roomId=lobby-1 200 in 4ms (compile: 1053µs, render: 3ms)
 GET /api/music 200 in 5ms (compile: 1562µs, render: 4ms)
 GET /api/chat?roomId=lobby-1 200 in 4ms (compile: 1006µs, render: 3ms)
 GET /api/music 200 in 5ms (compile: 1664µs, render: 4ms)
 GET /api/duel?action=get_pending&userId=admin-vi4hdd4jsmp 200 in 7ms (compile: 2ms, render: 4ms)
 GET /api/chat?roomId=lobby-1 200 in 4ms (compile: 1001µs, render: 3ms)
 GET /api/music 200 in 7ms (compile: 780µs, render: 6ms)
 GET /api/chat?roomId=lobby-1 200 in 6ms (compile: 1540µs, render: 4ms)
 GET /api/music 200 in 4ms (compile: 1476µs, render: 2ms)
Error: seat reservation expired.
    at onConnection (/home/z/my-project/node_modules/@colyseus/ws-transport/build/WebSocketTransport.mjs:79:19)
    at emit (node:events:98:22)
    at completeUpgrade (ws:869:9)
    at handleUpgrade (ws:921:25)
    at doUpgrade (ws:789:27)
    at emit (node:events:101:22)
    at onNodeHTTPRequest (node:_http_server:347:26)
Error handling upgrade request TypeError: undefined is not an object (evaluating 'message')
    at abortHandshake (ws:531:14)
    at completeUpgrade (ws:871:21)
    at handleUpgrade (ws:921:25)
 GET /api/music 200 in 5ms (compile: 1401µs, render: 4ms)
 GET /api/music 200 in 5ms (compile: 1445µs, render: 3ms)
 GET /api/chat?roomId=lobby-1 200 in 3ms (compile: 1072µs, render: 2ms)
 GET /api/music 200 in 7ms (compile: 1702µs, render: 5ms)
 GET /api/chat?roomId=lobby-1 200 in 4ms (compile: 1062µs, render: 3ms)
 GET /api/music 200 in 8ms (compile: 1593µs, render: 7ms)
 GET /api/duel?action=get_pending&userId=admin-vi4hdd4jsmp 200 in 4ms (compile: 1014µs, render: 3ms)
 GET /api/music 200 in 5ms (compile: 1506µs, render: 3ms)
 GET /api/chat?roomId=lobby-1 200 in 4ms (compile: 988µs, render: 3ms)
 GET /api/music 200 in 5ms (compile: 1382µs, render: 3ms)
 GET /api/chat?roomId=lobby-1 200 in 4ms (compile: 1045µs, render: 3ms)
 GET /api/music 200 in 6ms (compile: 1771µs, render: 4ms)
 GET /api/music 200 in 5ms (compile: 1852µs, render: 4ms)
 GET /api/chat?roomId=lobby-1 200 in 4ms (compile: 1138µs, render: 3ms)
 GET /api/chat?roomId=lobby-1 200 in 5ms (compile: 1627µs, render: 4ms)
 GET /api/music 200 in 4ms (compile: 1331µs, render: 3ms)
 GET /api/duel?action=get_pending&userId=admin-vi4hdd4jsmp 200 in 3ms (compile: 881µs, render: 2ms)
 GET /api/music 200 in 5ms (compile: 1534µs, render: 3ms)
 GET /api/chat?roomId=lobby-1 200 in 5ms (compile: 1687µs, render: 3ms)
 GET /api/music 200 in 4ms (compile: 1273µs, render: 2ms)
 GET /api/music 200 in 5ms (compile: 1573µs, render: 4ms)
 GET /api/chat?roomId=lobby-1 200 in 3ms (compile: 1005µs, render: 2ms)
 GET /api/music 200 in 7ms (compile: 4ms, render: 3ms)
Error: seat reservation expired.
    at onConnection (/home/z/my-project/node_modules/@colyseus/ws-transport/build/WebSocketTransport.mjs:79:19)
    at emit (node:events:98:22)
    at completeUpgrade (ws:869:9)
    at handleUpgrade (ws:921:25)
    at doUpgrade (ws:789:27)
    at emit (node:events:101:22)
    at onNodeHTTPRequest (node:_http_server:347:26)
Error handling upgrade request TypeError: undefined is not an object (evaluating 'message')
    at abortHandshake (ws:531:14)
    at completeUpgrade (ws:871:21)
    at handleUpgrade (ws:921:25)
 GET /api/music 200 in 9ms (compile: 1980µs, render: 7ms)
 GET /api/duel?action=get_pending&userId=admin-vi4hdd4jsmp 200 in 10ms (compile: 1831µs, render: 9ms)
 GET /api/chat?roomId=lobby-1 200 in 5ms (compile: 1261µs, render: 4ms)
 GET /api/music 200 in 5ms (compile: 1542µs, render: 4ms)
 GET /api/chat?roomId=lobby-1 200 in 4ms (compile: 957µs, render: 3ms)
 GET /api/music 200 in 5ms (compile: 1473µs, render: 3ms)
 GET /api/game-config 200 in 5ms (compile: 1586µs, render: 4ms)
 GET /api/chat?roomId=lobby-1 200 in 5ms (compile: 1483µs, render: 3ms)
 GET /api/music 200 in 6ms (compile: 1076µs, render: 5ms)
 GET /api/music 200 in 7ms (compile: 2ms, render: 4ms)
 GET /api/chat?roomId=lobby-1 200 in 4ms (compile: 1329µs, render: 3ms)
 GET /api/music 200 in 5ms (compile: 1875µs, render: 3ms)
 GET /api/duel?action=get_pending&userId=admin-vi4hdd4jsmp 200 in 4ms (compile: 1051µs, render: 3ms)
 GET /api/chat?roomId=lobby-1 200 in 9ms (compile: 1718µs, render: 7ms)
 GET /api/music 200 in 9ms (compile: 5ms, render: 4ms)
 GET /api/music 200 in 5ms (compile: 2ms, render: 3ms)
 GET /api/chat?roomId=lobby-1 200 in 4ms (compile: 944µs, render: 3ms)
 GET /api/music 200 in 5ms (compile: 1496µs, render: 3ms)
 GET /api/music 200 in 5ms (compile: 1522µs, render: 4ms)
 GET /api/chat?roomId=lobby-1 200 in 4ms (compile: 1152µs, render: 3ms)
 GET /api/music 200 in 11ms (compile: 1695µs, render: 9ms)
 GET /api/chat?roomId=lobby-1 200 in 11ms (compile: 5ms, render: 5ms)
 GET /api/duel?action=get_pending&userId=admin-vi4hdd4jsmp 200 in 19ms (compile: 1988µs, render: 17ms)
 GET /api/music 200 in 6ms (compile: 2ms, render: 4ms)
 GET /api/chat?roomId=lobby-1 200 in 10ms (compile: 1655µs, render: 9ms)
 GET /api/music 200 in 10ms (compile: 5ms, render: 6ms)
 GET /api/music 200 in 10ms (compile: 2ms, render: 8ms)
 GET /api/chat?roomId=lobby-1 200 in 5ms (compile: 1155µs, render: 3ms)
Error: seat reservation expired.
    at onConnection (/home/z/my-project/node_modules/@colyseus/ws-transport/build/WebSocketTransport.mjs:79:19)
    at emit (node:events:98:22)
    at completeUpgrade (ws:869:9)
    at handleUpgrade (ws:921:25)
    at doUpgrade (ws:789:27)
    at emit (node:events:101:22)
    at onNodeHTTPRequest (node:_http_server:347:26)
Error handling upgrade request TypeError: undefined is not an object (evaluating 'message')
    at abortHandshake (ws:531:14)
    at completeUpgrade (ws:871:21)
    at handleUpgrade (ws:921:25)
 GET /api/music 200 in 6ms (compile: 1741µs, render: 4ms)
 GET /api/duel?action=get_pending&userId=admin-vi4hdd4jsmp 200 in 9ms (compile: 1669µs, render: 8ms)
 GET /api/chat?roomId=lobby-1 200 in 12ms (compile: 3ms, render: 9ms)
 GET /api/music 200 in 11ms (compile: 6ms, render: 5ms)
 GET /api/music 200 in 8ms (compile: 1750µs, render: 6ms)
 GET /api/chat?roomId=lobby-1 200 in 8ms (compile: 5ms, render: 3ms)
 GET /api/music 200 in 5ms (compile: 1508µs, render: 3ms)
 GET /api/music 200 in 5ms (compile: 1606µs, render: 3ms)
 GET /api/chat?roomId=lobby-1 200 in 4ms (compile: 999µs, render: 3ms)
 GET /api/chat?roomId=lobby-1 200 in 5ms (compile: 1502µs, render: 3ms)
 GET /api/music 200 in 4ms (compile: 902µs, render: 3ms)
 GET /api/duel?action=get_pending&userId=admin-vi4hdd4jsmp 200 in 6ms (compile: 2ms, render: 4ms)
 GET /api/music 200 in 4ms (compile: 1024µs, render: 3ms)
 GET /api/music 200 in 5ms (compile: 1484µs, render: 3ms)
 GET /api/chat?roomId=lobby-1 200 in 5ms (compile: 1627µs, render: 3ms)
 GET /api/music 200 in 8ms (compile: 2ms, render: 6ms)
 GET /api/chat?roomId=lobby-1 200 in 5ms (compile: 1241µs, render: 3ms)
 GET /api/music 200 in 9ms (compile: 4ms, render: 5ms)
 GET /api/chat?roomId=lobby-1 200 in 11ms (compile: 3ms, render: 7ms)
 GET /api/music 200 in 10ms (compile: 7ms, render: 3ms)
 GET /api/music 200 in 5ms (compile: 1489µs, render: 3ms)
 GET /api/duel?action=get_pending&userId=admin-vi4hdd4jsmp 200 in 8ms (compile: 1266µs, render: 7ms)
 GET /api/chat?roomId=lobby-1 200 in 6ms (compile: 997µs, render: 5ms)
 GET /api/music 200 in 5ms (compile: 1578µs, render: 3ms)
Error: seat reservation expired.
    at onConnection (/home/z/my-project/node_modules/@colyseus/ws-transport/build/WebSocketTransport.mjs:79:19)
    at emit (node:events:98:22)
    at completeUpgrade (ws:869:9)
    at handleUpgrade (ws:921:25)
    at doUpgrade (ws:789:27)
    at emit (node:events:101:22)
    at onNodeHTTPRequest (node:_http_server:347:26)
Error handling upgrade request TypeError: undefined is not an object (evaluating 'message')
    at abortHandshake (ws:531:14)
    at completeUpgrade (ws:871:21)
    at handleUpgrade (ws:921:25)
 GET /api/music 200 in 5ms (compile: 1485µs, render: 3ms)
 GET /api/chat?roomId=lobby-1 200 in 4ms (compile: 1007µs, render: 3ms)
 GET /api/chat?roomId=lobby-1 200 in 8ms (compile: 1889µs, render: 6ms)
 GET /api/music 200 in 8ms (compile: 5ms, render: 3ms)
 GET /api/music 200 in 6ms (compile: 1863µs, render: 4ms)
 GET /api/music 200 in 5ms (compile: 1519µs, render: 3ms)
 GET /api/chat?roomId=lobby-1 200 in 4ms (compile: 978µs, render: 3ms)
 GET /api/duel?action=get_pending&userId=admin-vi4hdd4jsmp 200 in 4ms (compile: 810µs, render: 3ms)
 GET /api/music 200 in 5ms (compile: 1400µs, render: 3ms)
 GET /api/chat?roomId=lobby-1 200 in 4ms (compile: 1109µs, render: 3ms)
 GET /api/music 200 in 5ms (compile: 1401µs, render: 3ms)
 GET /api/music 200 in 5ms (compile: 1413µs, render: 3ms)
 GET /api/chat?roomId=lobby-1 200 in 4ms (compile: 1036µs, render: 3ms)
 GET /api/music 200 in 6ms (compile: 1571µs, render: 5ms)
 GET /api/chat?roomId=lobby-1 200 in 4ms (compile: 1051µs, render: 3ms)
 GET /api/duel?action=get_pending&userId=admin-vi4hdd4jsmp 200 in 9ms (compile: 1895µs, render: 7ms)
 GET /api/music 200 in 9ms (compile: 5ms, render: 3ms)
 GET /api/music 200 in 6ms (compile: 1577µs, render: 4ms)
 GET /api/chat?roomId=lobby-1 200 in 4ms (compile: 995µs, render: 3ms)
 GET /api/music 200 in 5ms (compile: 1560µs, render: 4ms)
 GET /api/chat?roomId=lobby-1 200 in 5ms (compile: 1239µs, render: 4ms)
 GET /api/music 200 in 6ms (compile: 1708µs, render: 4ms)
○ Compiling / ...
 GET / 200 in 3.9s (compile: 3.7s, render: 253ms)
 GET /api/duel?action=get_pending&userId=guest-1772443589216-n1hdswceh 200 in 23ms (compile: 4ms, render: 18ms)
 POST /api/chat 200 in 22ms (compile: 11ms, render: 11ms)
 GET /api/leaderboard?limit=5 200 in 99ms (compile: 56ms, render: 43ms)
 POST /api/moderation 200 in 100ms (compile: 86ms, render: 14ms)
 POST /api/moderation 200 in 98ms (compile: 89ms, render: 10ms)
Error: seat reservation expired.
    at onConnection (/home/z/my-project/node_modules/@colyseus/ws-transport/build/WebSocketTransport.mjs:79:19)
    at emit (node:events:98:22)
    at completeUpgrade (ws:869:9)
    at handleUpgrade (ws:921:25)
    at doUpgrade (ws:789:27)
    at emit (node:events:101:22)
    at onNodeHTTPRequest (node:_http_server:347:26)
⚠ Cross origin request detected from doe-solid-diverse-miller.trycloudflare.com to /_next/* resource. In a future major version of Next.js, you will need to explicitly configure "allowedDevOrigins" in next.config to allow this.
Read more: https://nextjs.org/docs/app/api-reference/config/next-config-js/allowedDevOrigins
Error handling upgrade request TypeError: undefined is not an object (evaluating 'message')
    at abortHandshake (ws:531:14)
    at completeUpgrade (ws:871:21)
    at handleUpgrade (ws:921:25)
 GET /api/duel?action=get_pending&userId=guest-1772443589216-n1hdswceh 200 in 6ms (compile: 1732µs, render: 4ms)
 GET /api/moderation?action=check_status&userId=guest-1772443589216-n1hdswceh 200 in 5ms (compile: 1531µs, render: 3ms)
 GET /api/music 200 in 4ms (compile: 1590µs, render: 3ms)
 GET /api/moderation?action=check_status&userId=guest-1772443589216-n1hdswceh 200 in 5ms (compile: 1819µs, render: 4ms)
 GET /api/music 200 in 4ms (compile: 1374µs, render: 3ms)
 GET /api/music 200 in 5ms (compile: 1652µs, render: 4ms)
 GET /api/chat?roomId=lobby-1 200 in 4ms (compile: 1329µs, render: 3ms)
 GET /api/music 200 in 6ms (compile: 1655µs, render: 5ms)
Error: seat reservation expired.
    at onConnection (/home/z/my-project/node_modules/@colyseus/ws-transport/build/WebSocketTransport.mjs:79:19)
    at emit (node:events:98:22)
    at completeUpgrade (ws:869:9)
    at handleUpgrade (ws:921:25)
    at doUpgrade (ws:789:27)
    at emit (node:events:101:22)
    at onNodeHTTPRequest (node:_http_server:347:26)
Error handling upgrade request TypeError: undefined is not an object (evaluating 'message')
    at abortHandshake (ws:531:14)
    at completeUpgrade (ws:871:21)
    at handleUpgrade (ws:921:25)
 GET /api/music 200 in 7ms (compile: 2ms, render: 5ms)
 GET /api/music 200 in 10ms (compile: 1843µs, render: 8ms)
 GET /api/chat?roomId=lobby-1 200 in 9ms (compile: 6ms, render: 4ms)
 GET /fortress 200 in 298ms (compile: 258ms, render: 39ms)
 GET /api/music 200 in 5ms (compile: 1450µs, render: 3ms)
 GET /api/music 200 in 5ms (compile: 1715µs, render: 4ms)
 GET /api/game-config 200 in 6ms (compile: 1483µs, render: 4ms)
Error: seat reservation expired.
    at onConnection (/home/z/my-project/node_modules/@colyseus/ws-transport/build/WebSocketTransport.mjs:79:19)
    at emit (node:events:98:22)
    at completeUpgrade (ws:869:9)
    at handleUpgrade (ws:921:25)
    at doUpgrade (ws:789:27)
    at emit (node:events:101:22)
    at onNodeHTTPRequest (node:_http_server:347:26)
Error handling upgrade request TypeError: undefined is not an object (evaluating 'message')
    at abortHandshake (ws:531:14)
    at completeUpgrade (ws:871:21)
    at handleUpgrade (ws:921:25)
🔵 onJoin called
🔵 client.sessionId: UakolwQDR
🔵 options: {"userId":"guest-1772443589216-n1hdswceh","name":"Гость_7298"}
👤 Player Гость_7298 joining with userId guest-1772443589216-n1hdswceh...
🎮 Created player: Гость_7298 (guest-1772443589216-n1hdswceh)
✅ New player Гость_7298 created and saved
📊 Current players count: 1
📤 Sent state_sync to client
TypeError: handshake.copy is not a function. (In 'handshake.copy(packr.buffer, it.offset, 0, handshakeLength)', 'handshake.copy' is undefined)
    at 10 (/home/z/my-project/node_modules/@colyseus/core/build/Protocol.mjs:56:17)
    at <anonymous> (/home/z/my-project/node_modules/@colyseus/core/build/Room.mjs:540:43)
    at onConnection (/home/z/my-project/node_modules/@colyseus/ws-transport/build/WebSocketTransport.mjs:81:18)
    at processTicksAndRejections (native)
Error: seat reservation expired.
    at onConnection (/home/z/my-project/node_modules/@colyseus/ws-transport/build/WebSocketTransport.mjs:79:19)
    at emit (node:events:98:22)
    at completeUpgrade (ws:869:9)
    at handleUpgrade (ws:921:25)
    at doUpgrade (ws:789:27)
    at emit (node:events:101:22)
    at onNodeHTTPRequest (node:_http_server:347:26)
Error handling upgrade request TypeError: undefined is not an object (evaluating 'message')
    at abortHandshake (ws:531:14)
    at completeUpgrade (ws:871:21)
    at handleUpgrade (ws:921:25)
Error: seat reservation expired.
    at onConnection (/home/z/my-project/node_modules/@colyseus/ws-transport/build/WebSocketTransport.mjs:79:19)
    at emit (node:events:98:22)
    at completeUpgrade (ws:869:9)
    at handleUpgrade (ws:921:25)
    at doUpgrade (ws:789:27)
    at emit (node:events:101:22)
    at onNodeHTTPRequest (node:_http_server:347:26)
Error handling upgrade request TypeError: undefined is not an object (evaluating 'message')
    at abortHandshake (ws:531:14)
    at completeUpgrade (ws:871:21)
    at handleUpgrade (ws:921:25)
Error: seat reservation expired.
    at onConnection (/home/z/my-project/node_modules/@colyseus/ws-transport/build/WebSocketTransport.mjs:79:19)
    at emit (node:events:98:22)
    at completeUpgrade (ws:869:9)
    at handleUpgrade (ws:921:25)
    at doUpgrade (ws:789:27)
    at emit (node:events:101:22)
    at onNodeHTTPRequest (node:_http_server:347:26)
Error handling upgrade request TypeError: undefined is not an object (evaluating 'message')
    at abortHandshake (ws:531:14)
    at completeUpgrade (ws:871:21)
    at handleUpgrade (ws:921:25)
Error: seat reservation expired.
    at onConnection (/home/z/my-project/node_modules/@colyseus/ws-transport/build/WebSocketTransport.mjs:79:19)
    at emit (node:events:98:22)
    at completeUpgrade (ws:869:9)
    at handleUpgrade (ws:921:25)
    at doUpgrade (ws:789:27)
    at emit (node:events:101:22)
    at onNodeHTTPRequest (node:_http_server:347:26)
Error handling upgrade request TypeError: undefined is not an object (evaluating 'message')
    at abortHandshake (ws:531:14)
    at completeUpgrade (ws:871:21)
    at handleUpgrade (ws:921:25)
Error: seat reservation expired.
    at onConnection (/home/z/my-project/node_modules/@colyseus/ws-transport/build/WebSocketTransport.mjs:79:19)
    at emit (node:events:98:22)
    at completeUpgrade (ws:869:9)
    at handleUpgrade (ws:921:25)
    at doUpgrade (ws:789:27)
    at emit (node:events:101:22)
    at onNodeHTTPRequest (node:_http_server:347:26)
Error handling upgrade request TypeError: undefined is not an object (evaluating 'message')
    at abortHandshake (ws:531:14)
    at completeUpgrade (ws:871:21)
    at handleUpgrade (ws:921:25)
Error: seat reservation expired.
    at onConnection (/home/z/my-project/node_modules/@colyseus/ws-transport/build/WebSocketTransport.mjs:79:19)
    at emit (node:events:98:22)
    at completeUpgrade (ws:869:9)
    at handleUpgrade (ws:921:25)
    at doUpgrade (ws:789:27)
    at emit (node:events:101:22)
    at onNodeHTTPRequest (node:_http_server:347:26)
Error handling upgrade request TypeError: undefined is not an object (evaluating 'message')
    at abortHandshake (ws:531:14)
    at completeUpgrade (ws:871:21)
    at handleUpgrade (ws:921:25)
Error: seat reservation expired.
    at onConnection (/home/z/my-project/node_modules/@colyseus/ws-transport/build/WebSocketTransport.mjs:79:19)
    at emit (node:events:98:22)
    at completeUpgrade (ws:869:9)
    at handleUpgrade (ws:921:25)
    at doUpgrade (ws:789:27)
    at emit (node:events:101:22)
    at onNodeHTTPRequest (node:_http_server:347:26)
Error handling upgrade request TypeError: undefined is not an object (evaluating 'message')
    at abortHandshake (ws:531:14)
    at completeUpgrade (ws:871:21)
    at handleUpgrade (ws:921:25)
Error: seat reservation expired.
    at onConnection (/home/z/my-project/node_modules/@colyseus/ws-transport/build/WebSocketTransport.mjs:79:19)
    at emit (node:events:98:22)
    at completeUpgrade (ws:869:9)
    at handleUpgrade (ws:921:25)
    at doUpgrade (ws:789:27)
    at emit (node:events:101:22)
    at onNodeHTTPRequest (node:_http_server:347:26)
Error handling upgrade request TypeError: undefined is not an object (evaluating 'message')
    at abortHandshake (ws:531:14)
    at completeUpgrade (ws:871:21)
    at handleUpgrade (ws:921:25)
Error: seat reservation expired.
    at onConnection (/home/z/my-project/node_modules/@colyseus/ws-transport/build/WebSocketTransport.mjs:79:19)
    at emit (node:events:98:22)
    at completeUpgrade (ws:869:9)
    at handleUpgrade (ws:921:25)
    at doUpgrade (ws:789:27)
    at emit (node:events:101:22)
    at onNodeHTTPRequest (node:_http_server:347:26)
Error handling upgrade request TypeError: undefined is not an object (evaluating 'message')
    at abortHandshake (ws:531:14)
    at completeUpgrade (ws:871:21)
    at handleUpgrade (ws:921:25)
Error: seat reservation expired.
    at onConnection (/home/z/my-project/node_modules/@colyseus/ws-transport/build/WebSocketTransport.mjs:79:19)
    at emit (node:events:98:22)
    at completeUpgrade (ws:869:9)
    at handleUpgrade (ws:921:25)
    at doUpgrade (ws:789:27)
    at emit (node:events:101:22)
    at onNodeHTTPRequest (node:_http_server:347:26)
Error handling upgrade request TypeError: undefined is not an object (evaluating 'message')
    at abortHandshake (ws:531:14)
    at completeUpgrade (ws:871:21)
    at handleUpgrade (ws:921:25)
Error: seat reservation expired.
    at onConnection (/home/z/my-project/node_modules/@colyseus/ws-transport/build/WebSocketTransport.mjs:79:19)
    at emit (node:events:98:22)
    at completeUpgrade (ws:869:9)
    at handleUpgrade (ws:921:25)
    at doUpgrade (ws:789:27)
    at emit (node:events:101:22)
    at onNodeHTTPRequest (node:_http_server:347:26)
Error handling upgrade request TypeError: undefined is not an object (evaluating 'message')
    at abortHandshake (ws:531:14)
    at completeUpgrade (ws:871:21)
    at handleUpgrade (ws:921:25)
Error: seat reservation expired.
    at onConnection (/home/z/my-project/node_modules/@colyseus/ws-transport/build/WebSocketTransport.mjs:79:19)
    at emit (node:events:98:22)
    at completeUpgrade (ws:869:9)
    at handleUpgrade (ws:921:25)
    at doUpgrade (ws:789:27)
    at emit (node:events:101:22)
    at onNodeHTTPRequest (node:_http_server:347:26)
Error handling upgrade request TypeError: undefined is not an object (evaluating 'message')
    at abortHandshake (ws:531:14)
    at completeUpgrade (ws:871:21)
    at handleUpgrade (ws:921:25)
 GET / 200 in 44ms (compile: 2ms, render: 41ms)
Error: seat reservation expired.
    at onConnection (/home/z/my-project/node_modules/@colyseus/ws-transport/build/WebSocketTransport.mjs:79:19)
    at emit (node:events:98:22)
    at completeUpgrade (ws:869:9)
    at handleUpgrade (ws:921:25)
    at doUpgrade (ws:789:27)
    at emit (node:events:101:22)
    at onNodeHTTPRequest (node:_http_server:347:26)
Error handling upgrade request TypeError: undefined is not an object (evaluating 'message')
    at abortHandshake (ws:531:14)
    at completeUpgrade (ws:871:21)
    at handleUpgrade (ws:921:25)
TypeError: undefined is not an object (evaluating 'saveData[id].buildings')
    at <anonymous> (server/fortress-room.ts:648:18)
    at forEach (null)
    at <anonymous> (server/fortress-room.ts:647:24)
    at forEach (null)
    at savePlayers (server/fortress-room.ts:621:24)
    at <anonymous> (server/fortress-room.ts:126:12)
⨯ unhandledRejection: TypeError: undefined is not an object (evaluating 'saveData[id].buildings')
    at <anonymous> (server/fortress-room.ts:648:18)
    at forEach (null)
    at <anonymous> (server/fortress-room.ts:647:24)
    at forEach (null)
    at savePlayers (server/fortress-room.ts:621:24)
    at <anonymous> (server/fortress-room.ts:126:12)
⨯ unhandledRejection:  TypeError: undefined is not an object (evaluating 'saveData[id].buildings')
    at <anonymous> (server/fortress-room.ts:648:18)
    at forEach (null)
    at <anonymous> (server/fortress-room.ts:647:24)
    at forEach (null)
    at savePlayers (server/fortress-room.ts:621:24)
    at <anonymous> (server/fortress-room.ts:126:12)
TypeError: undefined is not an object (evaluating 'saveData[id].buildings')
    at <anonymous> (server/fortress-room.ts:648:18)
    at forEach (null)
    at <anonymous> (server/fortress-room.ts:647:24)
    at forEach (null)
    at savePlayers (server/fortress-room.ts:621:24)
    at <anonymous> (server/fortress-room.ts:126:12)
 POST /api/chat 200 in 10ms (compile: 2ms, render: 8ms)
 GET /api/leaderboard?limit=5 200 in 10ms (compile: 6ms, render: 4ms)
 GET /api/duel?action=get_pending&userId=admin-vi4hdd4jsmp 200 in 3ms (compile: 1052µs, render: 2ms)
Error: seat reservation expired.
    at onConnection (/home/z/my-project/node_modules/@colyseus/ws-transport/build/WebSocketTransport.mjs:79:19)
    at emit (node:events:98:22)
    at completeUpgrade (ws:869:9)
    at handleUpgrade (ws:921:25)
    at doUpgrade (ws:789:27)
    at emit (node:events:101:22)
    at onNodeHTTPRequest (node:_http_server:347:26)
Error handling upgrade request TypeError: undefined is not an object (evaluating 'message')
    at abortHandshake (ws:531:14)
    at completeUpgrade (ws:871:21)
    at handleUpgrade (ws:921:25)
Error: seat reservation expired.
    at onConnection (/home/z/my-project/node_modules/@colyseus/ws-transport/build/WebSocketTransport.mjs:79:19)
    at emit (node:events:98:22)
    at completeUpgrade (ws:869:9)
    at handleUpgrade (ws:921:25)
    at doUpgrade (ws:789:27)
    at emit (node:events:101:22)
    at onNodeHTTPRequest (node:_http_server:347:26)
Error handling upgrade request TypeError: undefined is not an object (evaluating 'message')
    at abortHandshake (ws:531:14)
    at completeUpgrade (ws:871:21)
    at handleUpgrade (ws:921:25)
 GET /api/music 200 in 5ms (compile: 1571µs, render: 3ms)
 GET /api/chat?roomId=lobby-1 200 in 7ms (compile: 2ms, render: 4ms)
 GET /api/music 200 in 5ms (compile: 1103µs, render: 4ms)
 GET /api/music 200 in 5ms (compile: 1675µs, render: 3ms)
Error: seat reservation expired.
    at onConnection (/home/z/my-project/node_modules/@colyseus/ws-transport/build/WebSocketTransport.mjs:79:19)
    at emit (node:events:98:22)
    at completeUpgrade (ws:869:9)
    at handleUpgrade (ws:921:25)
    at doUpgrade (ws:789:27)
    at emit (node:events:101:22)
    at onNodeHTTPRequest (node:_http_server:347:26)
Error handling upgrade request TypeError: undefined is not an object (evaluating 'message')
    at abortHandshake (ws:531:14)
    at completeUpgrade (ws:871:21)
    at handleUpgrade (ws:921:25)
 GET /api/chat?roomId=lobby-1 200 in 7ms (compile: 1770µs, render: 5ms)
 GET /api/music 200 in 10ms (compile: 1359µs, render: 9ms)
 GET /api/chat?roomId=lobby-1 200 in 6ms (compile: 2ms, render: 4ms)
 GET /api/music 200 in 4ms (compile: 1178µs, render: 3ms)
 GET /api/music 200 in 6ms (compile: 2ms, render: 4ms)
 GET /api/duel?action=get_pending&userId=admin-vi4hdd4jsmp 200 in 4ms (compile: 1065µs, render: 3ms)
Error: seat reservation expired.
    at onConnection (/home/z/my-project/node_modules/@colyseus/ws-transport/build/WebSocketTransport.mjs:79:19)
    at emit (node:events:98:22)
    at completeUpgrade (ws:869:9)
    at handleUpgrade (ws:921:25)
    at doUpgrade (ws:789:27)
    at emit (node:events:101:22)
    at onNodeHTTPRequest (node:_http_server:347:26)
Error handling upgrade request TypeError: undefined is not an object (evaluating 'message')
    at abortHandshake (ws:531:14)
    at completeUpgrade (ws:871:21)
    at handleUpgrade (ws:921:25)
 GET /api/chat?roomId=lobby-1 200 in 10ms (compile: 2ms, render: 8ms)
 GET /api/music 200 in 10ms (compile: 6ms, render: 4ms)
 GET /api/music 200 in 5ms (compile: 1681µs, render: 4ms)
 GET /api/chat?roomId=lobby-1 200 in 4ms (compile: 1051µs, render: 3ms)
Error: seat reservation expired.
    at onConnection (/home/z/my-project/node_modules/@colyseus/ws-transport/build/WebSocketTransport.mjs:79:19)
    at emit (node:events:98:22)
    at completeUpgrade (ws:869:9)
    at handleUpgrade (ws:921:25)
    at doUpgrade (ws:789:27)
    at emit (node:events:101:22)
    at onNodeHTTPRequest (node:_http_server:347:26)
Error handling upgrade request TypeError: undefined is not an object (evaluating 'message')
    at abortHandshake (ws:531:14)
    at completeUpgrade (ws:871:21)
    at handleUpgrade (ws:921:25)
 GET /api/music 200 in 5ms (compile: 1637µs, render: 4ms)
 GET /api/chat?roomId=lobby-1 200 in 6ms (compile: 1894µs, render: 4ms)
 GET /api/music 200 in 4ms (compile: 1053µs, render: 3ms)
Error: seat reservation expired.
    at onConnection (/home/z/my-project/node_modules/@colyseus/ws-transport/build/WebSocketTransport.mjs:79:19)
    at emit (node:events:98:22)
    at completeUpgrade (ws:869:9)
    at handleUpgrade (ws:921:25)
    at doUpgrade (ws:789:27)
    at emit (node:events:101:22)
    at onNodeHTTPRequest (node:_http_server:347:26)
Error handling upgrade request TypeError: undefined is not an object (evaluating 'message')
    at abortHandshake (ws:531:14)
    at completeUpgrade (ws:871:21)
    at handleUpgrade (ws:921:25)
 GET /api/music 200 in 11ms (compile: 2ms, render: 8ms)
 GET /api/duel?action=get_pending&userId=admin-vi4hdd4jsmp 200 in 10ms (compile: 6ms, render: 5ms)
 GET /api/chat?roomId=lobby-1 200 in 5ms (compile: 1325µs, render: 3ms)
 GET /api/music 200 in 5ms (compile: 1550µs, render: 3ms)
Error: seat reservation expired.
    at onConnection (/home/z/my-project/node_modules/@colyseus/ws-transport/build/WebSocketTransport.mjs:79:19)
    at emit (node:events:98:22)
    at completeUpgrade (ws:869:9)
    at handleUpgrade (ws:921:25)
    at doUpgrade (ws:789:27)
    at emit (node:events:101:22)
    at onNodeHTTPRequest (node:_http_server:347:26)
Error handling upgrade request TypeError: undefined is not an object (evaluating 'message')
    at abortHandshake (ws:531:14)
    at completeUpgrade (ws:871:21)
    at handleUpgrade (ws:921:25)
 GET /api/chat?roomId=lobby-1 200 in 9ms (compile: 2ms, render: 7ms)
 GET /api/music 200 in 9ms (compile: 5ms, render: 3ms)
Error: seat reservation expired.
    at onConnection (/home/z/my-project/node_modules/@colyseus/ws-transport/build/WebSocketTransport.mjs:79:19)
    at emit (node:events:98:22)
    at completeUpgrade (ws:869:9)
    at handleUpgrade (ws:921:25)
    at doUpgrade (ws:789:27)
    at emit (node:events:101:22)
    at onNodeHTTPRequest (node:_http_server:347:26)
Error handling upgrade request TypeError: undefined is not an object (evaluating 'message')
    at abortHandshake (ws:531:14)
    at completeUpgrade (ws:871:21)
    at handleUpgrade (ws:921:25)
 GET /api/chat?roomId=lobby-1 200 in 5ms (compile: 1610µs, render: 3ms)
 GET /api/music 200 in 4ms (compile: 1058µs, render: 3ms)
 GET /api/music 200 in 5ms (compile: 1499µs, render: 3ms)
Error: seat reservation expired.
    at onConnection (/home/z/my-project/node_modules/@colyseus/ws-transport/build/WebSocketTransport.mjs:79:19)
    at emit (node:events:98:22)
    at completeUpgrade (ws:869:9)
    at handleUpgrade (ws:921:25)
    at doUpgrade (ws:789:27)
    at emit (node:events:101:22)
    at onNodeHTTPRequest (node:_http_server:347:26)
Error handling upgrade request TypeError: undefined is not an object (evaluating 'message')
    at abortHandshake (ws:531:14)
    at completeUpgrade (ws:871:21)
    at handleUpgrade (ws:921:25)
 GET /api/music 200 in 7ms (compile: 1773µs, render: 5ms)
 GET /api/chat?roomId=lobby-1 200 in 5ms (compile: 1149µs, render: 4ms)
 GET /api/duel?action=get_pending&userId=admin-vi4hdd4jsmp 200 in 9ms (compile: 924µs, render: 8ms)
 GET /api/chat?roomId=lobby-1 200 in 6ms (compile: 1683µs, render: 4ms)
 GET /api/music 200 in 3ms (compile: 1048µs, render: 2ms)
 GET /api/music 200 in 5ms (compile: 1547µs, render: 4ms)
Error: seat reservation expired.
    at onConnection (/home/z/my-project/node_modules/@colyseus/ws-transport/build/WebSocketTransport.mjs:79:19)
    at emit (node:events:98:22)
    at completeUpgrade (ws:869:9)
    at handleUpgrade (ws:921:25)
    at doUpgrade (ws:789:27)
    at emit (node:events:101:22)
    at onNodeHTTPRequest (node:_http_server:347:26)
Error handling upgrade request TypeError: undefined is not an object (evaluating 'message')
    at abortHandshake (ws:531:14)
    at completeUpgrade (ws:871:21)
    at handleUpgrade (ws:921:25)
 GET /api/chat?roomId=lobby-1 200 in 7ms (compile: 1502µs, render: 6ms)
 GET /api/music 200 in 5ms (compile: 1096µs, render: 3ms)
 GET /api/music 200 in 5ms (compile: 1517µs, render: 3ms)
 GET /api/chat?roomId=lobby-1 200 in 4ms (compile: 1102µs, render: 3ms)
 GET /api/duel?action=get_pending&userId=admin-vi4hdd4jsmp 200 in 5ms (compile: 1426µs, render: 4ms)
 GET /api/music 200 in 4ms (compile: 1015µs, render: 3ms)
Error: seat reservation expired.
    at onConnection (/home/z/my-project/node_modules/@colyseus/ws-transport/build/WebSocketTransport.mjs:79:19)
    at emit (node:events:98:22)
    at completeUpgrade (ws:869:9)
    at handleUpgrade (ws:921:25)
    at doUpgrade (ws:789:27)
    at emit (node:events:101:22)
    at onNodeHTTPRequest (node:_http_server:347:26)
Error handling upgrade request TypeError: undefined is not an object (evaluating 'message')
    at abortHandshake (ws:531:14)
    at completeUpgrade (ws:871:21)
    at handleUpgrade (ws:921:25)
 GET /api/chat?roomId=lobby-1 200 in 6ms (compile: 1705µs, render: 4ms)
 GET /api/music 200 in 5ms (compile: 1300µs, render: 3ms)
 GET /api/music 200 in 7ms (compile: 2ms, render: 4ms)
 GET /api/chat?roomId=lobby-1 200 in 6ms (compile: 1568µs, render: 4ms)
Error: seat reservation expired.
    at onConnection (/home/z/my-project/node_modules/@colyseus/ws-transport/build/WebSocketTransport.mjs:79:19)
    at emit (node:events:98:22)
    at completeUpgrade (ws:869:9)
    at handleUpgrade (ws:921:25)
    at doUpgrade (ws:789:27)
    at emit (node:events:101:22)
    at onNodeHTTPRequest (node:_http_server:347:26)
Error handling upgrade request TypeError: undefined is not an object (evaluating 'message')
    at abortHandshake (ws:531:14)
    at completeUpgrade (ws:871:21)
    at handleUpgrade (ws:921:25)
 GET /api/music 200 in 5ms (compile: 1449µs, render: 4ms)
 GET /api/game-config 200 in 4ms (compile: 1606µs, render: 3ms)
 GET /api/game-config 200 in 8ms (compile: 1373µs, render: 6ms)
 GET /api/music 200 in 7ms (compile: 1573µs, render: 5ms)
 GET /api/chat?roomId=lobby-1 200 in 4ms (compile: 1085µs, render: 2ms)
 GET /api/music 200 in 8ms (compile: 1891µs, render: 6ms)
 GET /api/duel?action=get_pending&userId=admin-vi4hdd4jsmp 200 in 6ms (compile: 1359µs, render: 4ms)
 GET /api/chat?roomId=lobby-1 200 in 5ms (compile: 1166µs, render: 4ms)
Error: seat reservation expired.
    at onConnection (/home/z/my-project/node_modules/@colyseus/ws-transport/build/WebSocketTransport.mjs:79:19)
    at emit (node:events:98:22)
    at completeUpgrade (ws:869:9)
    at handleUpgrade (ws:921:25)
    at doUpgrade (ws:789:27)
    at emit (node:events:101:22)
    at onNodeHTTPRequest (node:_http_server:347:26)
Error handling upgrade request TypeError: undefined is not an object (evaluating 'message')
    at abortHandshake (ws:531:14)
    at completeUpgrade (ws:871:21)
    at handleUpgrade (ws:921:25)
Error: seat reservation expired.
    at onConnection (/home/z/my-project/node_modules/@colyseus/ws-transport/build/WebSocketTransport.mjs:79:19)
    at emit (node:events:98:22)
    at completeUpgrade (ws:869:9)
    at handleUpgrade (ws:921:25)
    at doUpgrade (ws:789:27)
    at emit (node:events:101:22)
    at onNodeHTTPRequest (node:_http_server:347:26)
Error handling upgrade request TypeError: undefined is not an object (evaluating 'message')
    at abortHandshake (ws:531:14)
    at completeUpgrade (ws:871:21)
    at handleUpgrade (ws:921:25)
 GET /api/music 200 in 5ms (compile: 1453µs, render: 3ms)
TypeError: undefined is not an object (evaluating 'saveData[id].buildings')
    at <anonymous> (server/fortress-room.ts:648:18)
    at forEach (null)
    at <anonymous> (server/fortress-room.ts:647:24)
    at forEach (null)
    at savePlayers (server/fortress-room.ts:621:24)
    at <anonymous> (server/fortress-room.ts:126:12)
⨯ unhandledRejection: TypeError: undefined is not an object (evaluating 'saveData[id].buildings')
    at <anonymous> (server/fortress-room.ts:648:18)
    at forEach (null)
    at <anonymous> (server/fortress-room.ts:647:24)
    at forEach (null)
    at savePlayers (server/fortress-room.ts:621:24)
    at <anonymous> (server/fortress-room.ts:126:12)
⨯ unhandledRejection:  TypeError: undefined is not an object (evaluating 'saveData[id].buildings')
    at <anonymous> (server/fortress-room.ts:648:18)
    at forEach (null)
    at <anonymous> (server/fortress-room.ts:647:24)
    at forEach (null)
    at savePlayers (server/fortress-room.ts:621:24)
    at <anonymous> (server/fortress-room.ts:126:12)
TypeError: undefined is not an object (evaluating 'saveData[id].buildings')
    at <anonymous> (server/fortress-room.ts:648:18)
    at forEach (null)
    at <anonymous> (server/fortress-room.ts:647:24)
    at forEach (null)
    at savePlayers (server/fortress-room.ts:621:24)
    at <anonymous> (server/fortress-room.ts:126:12)
 GET /api/chat?roomId=lobby-1 200 in 5ms (compile: 1385µs, render: 3ms)
 GET /api/music 200 in 4ms (compile: 1077µs, render: 3ms)
 GET /api/chat?roomId=lobby-1 200 in 9ms (compile: 1456µs, render: 8ms)
 GET /api/music 200 in 5ms (compile: 1154µs, render: 4ms)
Error: seat reservation expired.
    at onConnection (/home/z/my-project/node_modules/@colyseus/ws-transport/build/WebSocketTransport.mjs:79:19)
    at emit (node:events:98:22)
    at completeUpgrade (ws:869:9)
    at handleUpgrade (ws:921:25)
    at doUpgrade (ws:789:27)
    at emit (node:events:101:22)
    at onNodeHTTPRequest (node:_http_server:347:26)
Error handling upgrade request TypeError: undefined is not an object (evaluating 'message')
    at abortHandshake (ws:531:14)
    at completeUpgrade (ws:871:21)
    at handleUpgrade (ws:921:25)
 GET /api/music 200 in 5ms (compile: 1435µs, render: 4ms)
 GET /api/music 200 in 6ms (compile: 2ms, render: 4ms)
 GET /api/chat?roomId=lobby-1 200 in 4ms (compile: 1117µs, render: 3ms)
 GET /api/duel?action=get_pending&userId=admin-vi4hdd4jsmp 200 in 4ms (compile: 908µs, render: 3ms)
Error: seat reservation expired.
    at onConnection (/home/z/my-project/node_modules/@colyseus/ws-transport/build/WebSocketTransport.mjs:79:19)
    at emit (node:events:98:22)
    at completeUpgrade (ws:869:9)
    at handleUpgrade (ws:921:25)
    at doUpgrade (ws:789:27)
    at emit (node:events:101:22)
    at onNodeHTTPRequest (node:_http_server:347:26)
Error handling upgrade request TypeError: undefined is not an object (evaluating 'message')
    at abortHandshake (ws:531:14)
    at completeUpgrade (ws:871:21)
    at handleUpgrade (ws:921:25)
 GET /api/music 200 in 5ms (compile: 1415µs, render: 3ms)
 GET /api/chat?roomId=lobby-1 200 in 5ms (compile: 1207µs, render: 3ms)
 GET /api/music 200 in 6ms (compile: 1727µs, render: 4ms)
 GET /api/chat?roomId=lobby-1 200 in 5ms (compile: 1608µs, render: 4ms)
 GET /api/music 200 in 4ms (compile: 1054µs, render: 3ms)
Error: seat reservation expired.
    at onConnection (/home/z/my-project/node_modules/@colyseus/ws-transport/build/WebSocketTransport.mjs:79:19)
    at emit (node:events:98:22)
    at completeUpgrade (ws:869:9)
    at handleUpgrade (ws:921:25)
    at doUpgrade (ws:789:27)
    at emit (node:events:101:22)
    at onNodeHTTPRequest (node:_http_server:347:26)
Error handling upgrade request TypeError: undefined is not an object (evaluating 'message')
    at abortHandshake (ws:531:14)
    at completeUpgrade (ws:871:21)
    at handleUpgrade (ws:921:25)
 GET /api/music 200 in 5ms (compile: 1360µs, render: 4ms)
 GET /api/chat?roomId=lobby-1 200 in 4ms (compile: 1103µs, render: 3ms)
 GET /api/music 200 in 6ms (compile: 1610µs, render: 4ms)
 GET /api/duel?action=get_pending&userId=admin-vi4hdd4jsmp 200 in 4ms (compile: 1090µs, render: 3ms)
 GET /api/music 200 in 10ms (compile: 1697µs, render: 8ms)
 GET /api/chat?roomId=lobby-1 200 in 9ms (compile: 5ms, render: 4ms)
Error: seat reservation expired.
    at onConnection (/home/z/my-project/node_modules/@colyseus/ws-transport/build/WebSocketTransport.mjs:79:19)
    at emit (node:events:98:22)
    at completeUpgrade (ws:869:9)
    at handleUpgrade (ws:921:25)
    at doUpgrade (ws:789:27)
    at emit (node:events:101:22)
    at onNodeHTTPRequest (node:_http_server:347:26)
Error handling upgrade request TypeError: undefined is not an object (evaluating 'message')
    at abortHandshake (ws:531:14)
    at completeUpgrade (ws:871:21)
    at handleUpgrade (ws:921:25)
 GET /api/music 200 in 5ms (compile: 1481µs, render: 3ms)
 GET /api/chat?roomId=lobby-1 200 in 4ms (compile: 1252µs, render: 3ms)
 GET /api/music 200 in 5ms (compile: 1532µs, render: 4ms)
Error: seat reservation expired.
    at onConnection (/home/z/my-project/node_modules/@colyseus/ws-transport/build/WebSocketTransport.mjs:79:19)
    at emit (node:events:98:22)
    at completeUpgrade (ws:869:9)
    at handleUpgrade (ws:921:25)
    at doUpgrade (ws:789:27)
    at emit (node:events:101:22)
    at onNodeHTTPRequest (node:_http_server:347:26)
Error handling upgrade request TypeError: undefined is not an object (evaluating 'message')
    at abortHandshake (ws:531:14)
    at completeUpgrade (ws:871:21)
    at handleUpgrade (ws:921:25)
 GET /api/music 200 in 12ms (compile: 2ms, render: 10ms)
 GET /api/chat?roomId=lobby-1 200 in 12ms (compile: 7ms, render: 5ms)
 GET /api/duel?action=get_pending&userId=admin-vi4hdd4jsmp 200 in 15ms (compile: 4ms, render: 11ms)
 GET /api/music 200 in 15ms (compile: 10ms, render: 5ms)
 GET /api/chat?roomId=lobby-1 200 in 5ms (compile: 1388µs, render: 4ms)
Error: seat reservation expired.
    at onConnection (/home/z/my-project/node_modules/@colyseus/ws-transport/build/WebSocketTransport.mjs:79:19)
    at emit (node:events:98:22)
    at completeUpgrade (ws:869:9)
    at handleUpgrade (ws:921:25)
    at doUpgrade (ws:789:27)
    at emit (node:events:101:22)
    at onNodeHTTPRequest (node:_http_server:347:26)
Error handling upgrade request TypeError: undefined is not an object (evaluating 'message')
    at abortHandshake (ws:531:14)
    at completeUpgrade (ws:871:21)
    at handleUpgrade (ws:921:25)
 GET /api/music 200 in 7ms (compile: 3ms, render: 4ms)
 GET /api/music 200 in 6ms (compile: 1783µs, render: 5ms)
 GET /api/chat?roomId=lobby-1 200 in 5ms (compile: 1562µs, render: 3ms)
 GET /api/music 200 in 6ms (compile: 3ms, render: 3ms)
 GET /api/chat?roomId=lobby-1 200 in 5ms (compile: 2ms, render: 3ms)
Error: seat reservation expired.
    at onConnection (/home/z/my-project/node_modules/@colyseus/ws-transport/build/WebSocketTransport.mjs:79:19)
    at emit (node:events:98:22)
    at completeUpgrade (ws:869:9)
    at handleUpgrade (ws:921:25)
    at doUpgrade (ws:789:27)
    at emit (node:events:101:22)
    at onNodeHTTPRequest (node:_http_server:347:26)
Error handling upgrade request TypeError: undefined is not an object (evaluating 'message')
    at abortHandshake (ws:531:14)
    at completeUpgrade (ws:871:21)
    at handleUpgrade (ws:921:25)
 GET /api/music 200 in 7ms (compile: 3ms, render: 4ms)
 GET /api/chat?roomId=lobby-1 200 in 6ms (compile: 1481µs, render: 5ms)
 GET /api/music 200 in 5ms (compile: 1081µs, render: 4ms)
 GET /api/duel?action=get_pending&userId=admin-vi4hdd4jsmp 200 in 5ms (compile: 1632µs, render: 4ms)
Error: seat reservation expired.
    at onConnection (/home/z/my-project/node_modules/@colyseus/ws-transport/build/WebSocketTransport.mjs:79:19)
    at emit (node:events:98:22)
    at completeUpgrade (ws:869:9)
    at handleUpgrade (ws:921:25)
    at doUpgrade (ws:789:27)
    at emit (node:events:101:22)
    at onNodeHTTPRequest (node:_http_server:347:26)
Error handling upgrade request TypeError: undefined is not an object (evaluating 'message')
    at abortHandshake (ws:531:14)
    at completeUpgrade (ws:871:21)
    at handleUpgrade (ws:921:25)
 GET /api/music 200 in 5ms (compile: 1773µs, render: 4ms)
 GET /api/chat?roomId=lobby-1 200 in 5ms (compile: 1454µs, render: 3ms)
 GET /api/music 200 in 6ms (compile: 1400µs, render: 4ms)
Error: seat reservation expired.
    at onConnection (/home/z/my-project/node_modules/@colyseus/ws-transport/build/WebSocketTransport.mjs:79:19)
    at emit (node:events:98:22)
    at completeUpgrade (ws:869:9)
    at handleUpgrade (ws:921:25)
    at doUpgrade (ws:789:27)
    at emit (node:events:101:22)
    at onNodeHTTPRequest (node:_http_server:347:26)
Error handling upgrade request TypeError: undefined is not an object (evaluating 'message')
    at abortHandshake (ws:531:14)
    at completeUpgrade (ws:871:21)
    at handleUpgrade (ws:921:25)
 GET /api/music 200 in 6ms (compile: 1620µs, render: 5ms)
 GET /api/chat?roomId=lobby-1 200 in 7ms (compile: 3ms, render: 4ms)
 GET /api/music 200 in 6ms (compile: 2ms, render: 4ms)
 GET /api/chat?roomId=lobby-1 200 in 4ms (compile: 1456µs, render: 3ms)
 GET /api/music 200 in 6ms (compile: 1622µs, render: 4ms)
 GET /api/duel?action=get_pending&userId=admin-vi4hdd4jsmp 200 in 4ms (compile: 1053µs, render: 3ms)
Error: seat reservation expired.
    at onConnection (/home/z/my-project/node_modules/@colyseus/ws-transport/build/WebSocketTransport.mjs:79:19)
    at emit (node:events:98:22)
    at completeUpgrade (ws:869:9)
    at handleUpgrade (ws:921:25)
    at doUpgrade (ws:789:27)
    at emit (node:events:101:22)
    at onNodeHTTPRequest (node:_http_server:347:26)
Error handling upgrade request TypeError: undefined is not an object (evaluating 'message')
    at abortHandshake (ws:531:14)
    at completeUpgrade (ws:871:21)
    at handleUpgrade (ws:921:25)
 GET /api/music 200 in 5ms (compile: 1440µs, render: 4ms)
 GET /api/chat?roomId=lobby-1 200 in 4ms (compile: 1028µs, render: 3ms)
 GET /api/music 200 in 5ms (compile: 1674µs, render: 3ms)
 GET /api/chat?roomId=lobby-1 200 in 4ms (compile: 1095µs, render: 3ms)
 GET /api/music 200 in 6ms (compile: 1728µs, render: 4ms)
Error: seat reservation expired.
    at onConnection (/home/z/my-project/node_modules/@colyseus/ws-transport/build/WebSocketTransport.mjs:79:19)
    at emit (node:events:98:22)
    at completeUpgrade (ws:869:9)
    at handleUpgrade (ws:921:25)
    at doUpgrade (ws:789:27)
    at emit (node:events:101:22)
    at onNodeHTTPRequest (node:_http_server:347:26)
Error handling upgrade request TypeError: undefined is not an object (evaluating 'message')
    at abortHandshake (ws:531:14)
    at completeUpgrade (ws:871:21)
    at handleUpgrade (ws:921:25)
Error: seat reservation expired.
    at onConnection (/home/z/my-project/node_modules/@colyseus/ws-transport/build/WebSocketTransport.mjs:79:19)
    at emit (node:events:98:22)
    at completeUpgrade (ws:869:9)
    at handleUpgrade (ws:921:25)
    at doUpgrade (ws:789:27)
    at emit (node:events:101:22)
    at onNodeHTTPRequest (node:_http_server:347:26)
Error handling upgrade request TypeError: undefined is not an object (evaluating 'message')
    at abortHandshake (ws:531:14)
    at completeUpgrade (ws:871:21)
    at handleUpgrade (ws:921:25)
 GET /api/music 200 in 6ms (compile: 1482µs, render: 4ms)
 GET /api/chat?roomId=lobby-1 200 in 8ms (compile: 3ms, render: 5ms)
 GET /api/music 200 in 5ms (compile: 1405µs, render: 3ms)
 GET /api/chat?roomId=lobby-1 200 in 8ms (compile: 1297µs, render: 7ms)
 GET /api/duel?action=get_pending&userId=admin-vi4hdd4jsmp 200 in 8ms (compile: 4ms, render: 3ms)
Error: seat reservation expired.
    at onConnection (/home/z/my-project/node_modules/@colyseus/ws-transport/build/WebSocketTransport.mjs:79:19)
    at emit (node:events:98:22)
    at completeUpgrade (ws:869:9)
    at handleUpgrade (ws:921:25)
    at doUpgrade (ws:789:27)
    at emit (node:events:101:22)
    at onNodeHTTPRequest (node:_http_server:347:26)
Error handling upgrade request TypeError: undefined is not an object (evaluating 'message')
    at abortHandshake (ws:531:14)
    at completeUpgrade (ws:871:21)
    at handleUpgrade (ws:921:25)
 GET /api/music 200 in 5ms (compile: 1440µs, render: 3ms)
TypeError: undefined is not an object (evaluating 'saveData[id].buildings')
    at <anonymous> (server/fortress-room.ts:648:18)
    at forEach (null)
    at <anonymous> (server/fortress-room.ts:647:24)
    at forEach (null)
    at savePlayers (server/fortress-room.ts:621:24)
    at <anonymous> (server/fortress-room.ts:126:12)
⨯ unhandledRejection: TypeError: undefined is not an object (evaluating 'saveData[id].buildings')
    at <anonymous> (server/fortress-room.ts:648:18)
    at forEach (null)
    at <anonymous> (server/fortress-room.ts:647:24)
    at forEach (null)
    at savePlayers (server/fortress-room.ts:621:24)
    at <anonymous> (server/fortress-room.ts:126:12)
⨯ unhandledRejection:  TypeError: undefined is not an object (evaluating 'saveData[id].buildings')
    at <anonymous> (server/fortress-room.ts:648:18)
    at forEach (null)
    at <anonymous> (server/fortress-room.ts:647:24)
    at forEach (null)
    at savePlayers (server/fortress-room.ts:621:24)
    at <anonymous> (server/fortress-room.ts:126:12)
TypeError: undefined is not an object (evaluating 'saveData[id].buildings')
    at <anonymous> (server/fortress-room.ts:648:18)
    at forEach (null)
    at <anonymous> (server/fortress-room.ts:647:24)
    at forEach (null)
    at savePlayers (server/fortress-room.ts:621:24)
    at <anonymous> (server/fortress-room.ts:126:12)
 GET /api/music 200 in 5ms (compile: 1354µs, render: 3ms)
 GET /api/chat?roomId=lobby-1 200 in 3ms (compile: 1116µs, render: 2ms)
 GET /api/music 200 in 6ms (compile: 1896µs, render: 4ms)
 GET /api/chat?roomId=lobby-1 200 in 4ms (compile: 1311µs, render: 3ms)
Error: seat reservation expired.
    at onConnection (/home/z/my-project/node_modules/@colyseus/ws-transport/build/WebSocketTransport.mjs:79:19)
    at emit (node:events:98:22)
    at completeUpgrade (ws:869:9)
    at handleUpgrade (ws:921:25)
    at doUpgrade (ws:789:27)
    at emit (node:events:101:22)
    at onNodeHTTPRequest (node:_http_server:347:26)
Error handling upgrade request TypeError: undefined is not an object (evaluating 'message')
    at abortHandshake (ws:531:14)
    at completeUpgrade (ws:871:21)
    at handleUpgrade (ws:921:25)
 GET /api/music 200 in 5ms (compile: 1351µs, render: 3ms)
 GET /api/music 200 in 5ms (compile: 1866µs, render: 4ms)
 GET /api/chat?roomId=lobby-1 200 in 4ms (compile: 1110µs, render: 3ms)
 GET /api/duel?action=get_pending&userId=admin-vi4hdd4jsmp 200 in 3ms (compile: 901µs, render: 2ms)
Error: seat reservation expired.
    at onConnection (/home/z/my-project/node_modules/@colyseus/ws-transport/build/WebSocketTransport.mjs:79:19)
    at emit (node:events:98:22)
    at completeUpgrade (ws:869:9)
    at handleUpgrade (ws:921:25)
    at doUpgrade (ws:789:27)
    at emit (node:events:101:22)
    at onNodeHTTPRequest (node:_http_server:347:26)
Error handling upgrade request TypeError: undefined is not an object (evaluating 'message')
    at abortHandshake (ws:531:14)
    at completeUpgrade (ws:871:21)
    at handleUpgrade (ws:921:25)
 GET /api/music 200 in 4ms (compile: 1378µs, render: 3ms)
 GET /api/chat?roomId=lobby-1 200 in 4ms (compile: 980µs, render: 3ms)
 GET /api/music 200 in 5ms (compile: 1564µs, render: 3ms)
 GET /api/music 200 in 4ms (compile: 1302µs, render: 3ms)
 GET /api/chat?roomId=lobby-1 200 in 4ms (compile: 927µs, render: 3ms)
Error: seat reservation expired.
    at onConnection (/home/z/my-project/node_modules/@colyseus/ws-transport/build/WebSocketTransport.mjs:79:19)
    at emit (node:events:98:22)
    at completeUpgrade (ws:869:9)
    at handleUpgrade (ws:921:25)
    at doUpgrade (ws:789:27)
    at emit (node:events:101:22)
    at onNodeHTTPRequest (node:_http_server:347:26)
Error handling upgrade request TypeError: undefined is not an object (evaluating 'message')
    at abortHandshake (ws:531:14)
    at completeUpgrade (ws:871:21)
    at handleUpgrade (ws:921:25)
 GET /api/music 200 in 5ms (compile: 1455µs, render: 3ms)
 GET /api/chat?roomId=lobby-1 200 in 4ms (compile: 899µs, render: 3ms)
 GET /api/duel?action=get_pending&userId=admin-vi4hdd4jsmp 200 in 9ms (compile: 1559µs, render: 7ms)
 GET /api/music 200 in 8ms (compile: 5ms, render: 3ms)
Error: seat reservation expired.
    at onConnection (/home/z/my-project/node_modules/@colyseus/ws-transport/build/WebSocketTransport.mjs:79:19)
    at emit (node:events:98:22)
    at completeUpgrade (ws:869:9)
    at handleUpgrade (ws:921:25)
    at doUpgrade (ws:789:27)
    at emit (node:events:101:22)
    at onNodeHTTPRequest (node:_http_server:347:26)
Error handling upgrade request TypeError: undefined is not an object (evaluating 'message')
    at abortHandshake (ws:531:14)
    at completeUpgrade (ws:871:21)
    at handleUpgrade (ws:921:25)
 GET /api/music 200 in 5ms (compile: 2ms, render: 3ms)
 GET /api/chat?roomId=lobby-1 200 in 4ms (compile: 909µs, render: 3ms)
Error: seat reservation expired.
    at onConnection (/home/z/my-project/node_modules/@colyseus/ws-transport/build/WebSocketTransport.mjs:79:19)
    at emit (node:events:98:22)
    at completeUpgrade (ws:869:9)
    at handleUpgrade (ws:921:25)
    at doUpgrade (ws:789:27)
    at emit (node:events:101:22)
    at onNodeHTTPRequest (node:_http_server:347:26)
Error handling upgrade request TypeError: undefined is not an object (evaluating 'message')
    at abortHandshake (ws:531:14)
    at completeUpgrade (ws:871:21)
    at handleUpgrade (ws:921:25)
 GET /api/music 200 in 5ms (compile: 1219µs, render: 4ms)
 GET /api/chat?roomId=lobby-1 200 in 6ms (compile: 1049µs, render: 5ms)
 GET /api/music 200 in 5ms (compile: 1636µs, render: 4ms)
Error: seat reservation expired.
    at onConnection (/home/z/my-project/node_modules/@colyseus/ws-transport/build/WebSocketTransport.mjs:79:19)
    at emit (node:events:98:22)
    at completeUpgrade (ws:869:9)
    at handleUpgrade (ws:921:25)
    at doUpgrade (ws:789:27)
    at emit (node:events:101:22)
    at onNodeHTTPRequest (node:_http_server:347:26)
Error handling upgrade request TypeError: undefined is not an object (evaluating 'message')
    at abortHandshake (ws:531:14)
    at completeUpgrade (ws:871:21)
    at handleUpgrade (ws:921:25)
 GET /api/music 200 in 5ms (compile: 1317µs, render: 4ms)
 GET /api/chat?roomId=lobby-1 200 in 4ms (compile: 953µs, render: 3ms)
 GET /api/duel?action=get_pending&userId=admin-vi4hdd4jsmp 200 in 6ms (compile: 2ms, render: 4ms)
 GET /api/music 200 in 5ms (compile: 949µs, render: 4ms)
 GET /api/chat?roomId=lobby-1 200 in 4ms (compile: 966µs, render: 3ms)
 GET /api/music 200 in 5ms (compile: 1523µs, render: 3ms)
Error: seat reservation expired.
    at onConnection (/home/z/my-project/node_modules/@colyseus/ws-transport/build/WebSocketTransport.mjs:79:19)
    at emit (node:events:98:22)
    at completeUpgrade (ws:869:9)
    at handleUpgrade (ws:921:25)
    at doUpgrade (ws:789:27)
    at emit (node:events:101:22)
    at onNodeHTTPRequest (node:_http_server:347:26)
Error handling upgrade request TypeError: undefined is not an object (evaluating 'message')
    at abortHandshake (ws:531:14)
    at completeUpgrade (ws:871:21)
    at handleUpgrade (ws:921:25)
 GET /api/music 200 in 5ms (compile: 1396µs, render: 4ms)
 GET /api/chat?roomId=lobby-1 200 in 4ms (compile: 1001µs, render: 3ms)
 GET /api/chat?roomId=lobby-1 200 in 6ms (compile: 1635µs, render: 5ms)
 GET /api/music 200 in 4ms (compile: 1235µs, render: 3ms)
 GET /api/music 200 in 5ms (compile: 1914µs, render: 3ms)
Error: seat reservation expired.
    at onConnection (/home/z/my-project/node_modules/@colyseus/ws-transport/build/WebSocketTransport.mjs:79:19)
    at emit (node:events:98:22)
    at completeUpgrade (ws:869:9)
    at handleUpgrade (ws:921:25)
    at doUpgrade (ws:789:27)
    at emit (node:events:101:22)
    at onNodeHTTPRequest (node:_http_server:347:26)
Error handling upgrade request TypeError: undefined is not an object (evaluating 'message')
    at abortHandshake (ws:531:14)
    at completeUpgrade (ws:871:21)
    at handleUpgrade (ws:921:25)
 GET /api/chat?roomId=lobby-1 200 in 6ms (compile: 1863µs, render: 4ms)
 GET /api/music 200 in 5ms (compile: 1314µs, render: 4ms)
 GET /api/duel?action=get_pending&userId=admin-vi4hdd4jsmp 200 in 9ms (compile: 7ms, render: 2ms)
 GET /api/music 200 in 16ms (compile: 4ms, render: 11ms)
 GET /api/chat?roomId=lobby-1 200 in 7ms (compile: 1705µs, render: 5ms)
 GET /api/music 200 in 5ms (compile: 1399µs, render: 4ms)
Error: seat reservation expired.
    at onConnection (/home/z/my-project/node_modules/@colyseus/ws-transport/build/WebSocketTransport.mjs:79:19)
    at emit (node:events:98:22)
    at completeUpgrade (ws:869:9)
    at handleUpgrade (ws:921:25)
    at doUpgrade (ws:789:27)
    at emit (node:events:101:22)
    at onNodeHTTPRequest (node:_http_server:347:26)
Error handling upgrade request TypeError: undefined is not an object (evaluating 'message')
    at abortHandshake (ws:531:14)
    at completeUpgrade (ws:871:21)
    at handleUpgrade (ws:921:25)
 GET /api/music 200 in 5ms (compile: 1486µs, render: 4ms)
 GET /api/chat?roomId=lobby-1 200 in 4ms (compile: 906µs, render: 3ms)
 GET /api/music 200 in 5ms (compile: 1334µs, render: 3ms)
 GET /api/chat?roomId=lobby-1 200 in 3ms (compile: 949µs, render: 1752µs)
Error: seat reservation expired.
    at onConnection (/home/z/my-project/node_modules/@colyseus/ws-transport/build/WebSocketTransport.mjs:79:19)
    at emit (node:events:98:22)
    at completeUpgrade (ws:869:9)
    at handleUpgrade (ws:921:25)
    at doUpgrade (ws:789:27)
    at emit (node:events:101:22)
    at onNodeHTTPRequest (node:_http_server:347:26)
Error handling upgrade request TypeError: undefined is not an object (evaluating 'message')
    at abortHandshake (ws:531:14)
    at completeUpgrade (ws:871:21)
    at handleUpgrade (ws:921:25)
Error: seat reservation expired.
    at onConnection (/home/z/my-project/node_modules/@colyseus/ws-transport/build/WebSocketTransport.mjs:79:19)
    at emit (node:events:98:22)
    at completeUpgrade (ws:869:9)
    at handleUpgrade (ws:921:25)
    at doUpgrade (ws:789:27)
    at emit (node:events:101:22)
    at onNodeHTTPRequest (node:_http_server:347:26)
Error handling upgrade request TypeError: undefined is not an object (evaluating 'message')
    at abortHandshake (ws:531:14)
    at completeUpgrade (ws:871:21)
    at handleUpgrade (ws:921:25)
 GET /api/duel?action=get_pending&userId=admin-vi4hdd4jsmp 200 in 5ms (compile: 1442µs, render: 3ms)
 GET /api/music 200 in 3ms (compile: 1156µs, render: 2ms)
 GET /api/music 200 in 4ms (compile: 1366µs, render: 3ms)
 GET /api/chat?roomId=lobby-1 200 in 3ms (compile: 920µs, render: 1926µs)
 GET /api/music 200 in 5ms (compile: 1410µs, render: 4ms)
 GET /api/chat?roomId=lobby-1 200 in 3ms (compile: 928µs, render: 3ms)
Error: seat reservation expired.
    at onConnection (/home/z/my-project/node_modules/@colyseus/ws-transport/build/WebSocketTransport.mjs:79:19)
    at emit (node:events:98:22)
    at completeUpgrade (ws:869:9)
    at handleUpgrade (ws:921:25)
    at doUpgrade (ws:789:27)
    at emit (node:events:101:22)
    at onNodeHTTPRequest (node:_http_server:347:26)
Error handling upgrade request TypeError: undefined is not an object (evaluating 'message')
    at abortHandshake (ws:531:14)
    at completeUpgrade (ws:871:21)
    at handleUpgrade (ws:921:25)
 GET /api/music 200 in 5ms (compile: 1493µs, render: 4ms)
 GET /api/music 200 in 24ms (compile: 11ms, render: 13ms)
 GET /api/chat?roomId=lobby-1 200 in 8ms (compile: 3ms, render: 4ms)
Error: seat reservation expired.
    at onConnection (/home/z/my-project/node_modules/@colyseus/ws-transport/build/WebSocketTransport.mjs:79:19)
    at emit (node:events:98:22)
    at completeUpgrade (ws:869:9)
    at handleUpgrade (ws:921:25)
    at doUpgrade (ws:789:27)
    at emit (node:events:101:22)
    at onNodeHTTPRequest (node:_http_server:347:26)
Error handling upgrade request TypeError: undefined is not an object (evaluating 'message')
    at abortHandshake (ws:531:14)
    at completeUpgrade (ws:871:21)
    at handleUpgrade (ws:921:25)
 GET /api/chat?roomId=lobby-1 200 in 6ms (compile: 1677µs, render: 4ms)
 GET /api/music 200 in 6ms (compile: 1915µs, render: 4ms)
 GET /api/duel?action=get_pending&userId=admin-vi4hdd4jsmp 200 in 12ms (compile: 3ms, render: 9ms)
 GET /api/music 200 in 5ms (compile: 1848µs, render: 4ms)
TypeError: undefined is not an object (evaluating 'saveData[id].buildings')
    at <anonymous> (server/fortress-room.ts:648:18)
    at forEach (null)
    at <anonymous> (server/fortress-room.ts:647:24)
    at forEach (null)
    at savePlayers (server/fortress-room.ts:621:24)
    at <anonymous> (server/fortress-room.ts:126:12)
⨯ unhandledRejection: TypeError: undefined is not an object (evaluating 'saveData[id].buildings')
    at <anonymous> (server/fortress-room.ts:648:18)
    at forEach (null)
    at <anonymous> (server/fortress-room.ts:647:24)
    at forEach (null)
    at savePlayers (server/fortress-room.ts:621:24)
    at <anonymous> (server/fortress-room.ts:126:12)
⨯ unhandledRejection:  TypeError: undefined is not an object (evaluating 'saveData[id].buildings')
    at <anonymous> (server/fortress-room.ts:648:18)
    at forEach (null)
    at <anonymous> (server/fortress-room.ts:647:24)
    at forEach (null)
    at savePlayers (server/fortress-room.ts:621:24)
    at <anonymous> (server/fortress-room.ts:126:12)
TypeError: undefined is not an object (evaluating 'saveData[id].buildings')
    at <anonymous> (server/fortress-room.ts:648:18)
    at forEach (null)
    at <anonymous> (server/fortress-room.ts:647:24)
    at forEach (null)
    at savePlayers (server/fortress-room.ts:621:24)
    at <anonymous> (server/fortress-room.ts:126:12)
 GET /api/chat?roomId=lobby-1 200 in 12ms (compile: 1880µs, render: 10ms)
 GET /api/music 200 in 12ms (compile: 5ms, render: 7ms)
Error: seat reservation expired.
    at onConnection (/home/z/my-project/node_modules/@colyseus/ws-transport/build/WebSocketTransport.mjs:79:19)
    at emit (node:events:98:22)
    at completeUpgrade (ws:869:9)
    at handleUpgrade (ws:921:25)
    at doUpgrade (ws:789:27)
    at emit (node:events:101:22)
    at onNodeHTTPRequest (node:_http_server:347:26)
Error handling upgrade request TypeError: undefined is not an object (evaluating 'message')
    at abortHandshake (ws:531:14)
    at completeUpgrade (ws:871:21)
    at handleUpgrade (ws:921:25)
 GET /api/music 200 in 8ms (compile: 2ms, render: 6ms)
 GET /api/chat?roomId=lobby-1 200 in 6ms (compile: 1533µs, render: 4ms)
 GET /api/music 200 in 7ms (compile: 2ms, render: 5ms)
 GET /api/duel?action=get_pending&userId=admin-vi4hdd4jsmp 200 in 7ms (compile: 2ms, render: 5ms)
 GET /api/chat?roomId=lobby-1 200 in 7ms (compile: 1346µs, render: 5ms)
 GET /api/music 200 in 6ms (compile: 1348µs, render: 4ms)
Error: seat reservation expired.
    at onConnection (/home/z/my-project/node_modules/@colyseus/ws-transport/build/WebSocketTransport.mjs:79:19)
    at emit (node:events:98:22)
    at completeUpgrade (ws:869:9)
    at handleUpgrade (ws:921:25)
    at doUpgrade (ws:789:27)
    at emit (node:events:101:22)
    at onNodeHTTPRequest (node:_http_server:347:26)
Error handling upgrade request TypeError: undefined is not an object (evaluating 'message')
    at abortHandshake (ws:531:14)
    at completeUpgrade (ws:871:21)
    at handleUpgrade (ws:921:25)
 GET /api/music 200 in 5ms (compile: 1927µs, render: 3ms)
 GET /api/chat?roomId=lobby-1 200 in 5ms (compile: 1316µs, render: 3ms)
 GET /api/music 200 in 5ms (compile: 1452µs, render: 3ms)
Error: seat reservation expired.
    at onConnection (/home/z/my-project/node_modules/@colyseus/ws-transport/build/WebSocketTransport.mjs:79:19)
    at emit (node:events:98:22)
    at completeUpgrade (ws:869:9)
    at handleUpgrade (ws:921:25)
    at doUpgrade (ws:789:27)
    at emit (node:events:101:22)
    at onNodeHTTPRequest (node:_http_server:347:26)
Error handling upgrade request TypeError: undefined is not an object (evaluating 'message')
    at abortHandshake (ws:531:14)
    at completeUpgrade (ws:871:21)
    at handleUpgrade (ws:921:25)
 GET /api/chat?roomId=lobby-1 200 in 5ms (compile: 1442µs, render: 4ms)
 GET /api/music 200 in 4ms (compile: 1138µs, render: 3ms)
Error: seat reservation expired.
    at onConnection (/home/z/my-project/node_modules/@colyseus/ws-transport/build/WebSocketTransport.mjs:79:19)
    at emit (node:events:98:22)
    at completeUpgrade (ws:869:9)
    at handleUpgrade (ws:921:25)
    at doUpgrade (ws:789:27)
    at emit (node:events:101:22)
    at onNodeHTTPRequest (node:_http_server:347:26)
Error handling upgrade request TypeError: undefined is not an object (evaluating 'message')
    at abortHandshake (ws:531:14)
    at completeUpgrade (ws:871:21)
    at handleUpgrade (ws:921:25)
 GET /api/music 200 in 6ms (compile: 2ms, render: 4ms)
 GET /api/chat?roomId=lobby-1 200 in 4ms (compile: 1323µs, render: 3ms)
 GET /api/music 200 in 5ms (compile: 1338µs, render: 3ms)
 GET /api/duel?action=get_pending&userId=admin-vi4hdd4jsmp 200 in 8ms (compile: 955µs, render: 7ms)
Error: seat reservation expired.
    at onConnection (/home/z/my-project/node_modules/@colyseus/ws-transport/build/WebSocketTransport.mjs:79:19)
    at emit (node:events:98:22)
    at completeUpgrade (ws:869:9)
    at handleUpgrade (ws:921:25)
    at doUpgrade (ws:789:27)
    at emit (node:events:101:22)
    at onNodeHTTPRequest (node:_http_server:347:26)
Error handling upgrade request TypeError: undefined is not an object (evaluating 'message')
    at abortHandshake (ws:531:14)
    at completeUpgrade (ws:871:21)
    at handleUpgrade (ws:921:25)
 GET /api/music 200 in 6ms (compile: 1314µs, render: 4ms)
 GET /api/chat?roomId=lobby-1 200 in 4ms (compile: 938µs, render: 3ms)
 GET /api/music 200 in 6ms (compile: 1383µs, render: 4ms)
 GET /api/chat?roomId=lobby-1 200 in 5ms (compile: 1086µs, render: 3ms)
Error: seat reservation expired.
    at onConnection (/home/z/my-project/node_modules/@colyseus/ws-transport/build/WebSocketTransport.mjs:79:19)
    at emit (node:events:98:22)
    at completeUpgrade (ws:869:9)
    at handleUpgrade (ws:921:25)
    at doUpgrade (ws:789:27)
    at emit (node:events:101:22)
    at onNodeHTTPRequest (node:_http_server:347:26)
Error handling upgrade request TypeError: undefined is not an object (evaluating 'message')
    at abortHandshake (ws:531:14)
    at completeUpgrade (ws:871:21)
    at handleUpgrade (ws:921:25)
 GET /api/music 200 in 5ms (compile: 1365µs, render: 3ms)
 GET /api/music 200 in 7ms (compile: 1726µs, render: 5ms)
 GET /api/chat?roomId=lobby-1 200 in 5ms (compile: 1813µs, render: 4ms)
 GET /api/chat?roomId=lobby-1 200 in 17ms (compile: 5ms, render: 12ms)
 GET /api/music 200 in 16ms (compile: 11ms, render: 5ms)
 GET /api/duel?action=get_pending&userId=admin-vi4hdd4jsmp 200 in 4ms (compile: 1395µs, render: 2ms)
Error: seat reservation expired.
    at onConnection (/home/z/my-project/node_modules/@colyseus/ws-transport/build/WebSocketTransport.mjs:79:19)
    at emit (node:events:98:22)
    at completeUpgrade (ws:869:9)
    at handleUpgrade (ws:921:25)
    at doUpgrade (ws:789:27)
    at emit (node:events:101:22)
    at onNodeHTTPRequest (node:_http_server:347:26)
Error handling upgrade request TypeError: undefined is not an object (evaluating 'message')
    at abortHandshake (ws:531:14)
    at completeUpgrade (ws:871:21)
    at handleUpgrade (ws:921:25)
 GET /api/music 200 in 5ms (compile: 1656µs, render: 4ms)
 GET /api/chat?roomId=lobby-1 200 in 6ms (compile: 2ms, render: 4ms)
 GET /api/music 200 in 4ms (compile: 1563µs, render: 3ms)
Error: seat reservation expired.
    at onConnection (/home/z/my-project/node_modules/@colyseus/ws-transport/build/WebSocketTransport.mjs:79:19)
    at emit (node:events:98:22)
    at completeUpgrade (ws:869:9)
    at handleUpgrade (ws:921:25)
    at doUpgrade (ws:789:27)
    at emit (node:events:101:22)
    at onNodeHTTPRequest (node:_http_server:347:26)
Error handling upgrade request TypeError: undefined is not an object (evaluating 'message')
    at abortHandshake (ws:531:14)
    at completeUpgrade (ws:871:21)
    at handleUpgrade (ws:921:25)
 GET /api/chat?roomId=lobby-1 200 in 5ms (compile: 1533µs, render: 4ms)
 GET /api/music 200 in 4ms (compile: 1105µs, render: 3ms)
 GET /api/music 200 in 5ms (compile: 2ms, render: 3ms)
Error: seat reservation expired.
    at onConnection (/home/z/my-project/node_modules/@colyseus/ws-transport/build/WebSocketTransport.mjs:79:19)
    at emit (node:events:98:22)
    at completeUpgrade (ws:869:9)
    at handleUpgrade (ws:921:25)
    at doUpgrade (ws:789:27)
    at emit (node:events:101:22)
    at onNodeHTTPRequest (node:_http_server:347:26)
Error handling upgrade request TypeError: undefined is not an object (evaluating 'message')
    at abortHandshake (ws:531:14)
    at completeUpgrade (ws:871:21)
    at handleUpgrade (ws:921:25)
 GET /api/chat?roomId=lobby-1 200 in 10ms (compile: 1788µs, render: 8ms)
 GET /api/music 200 in 10ms (compile: 6ms, render: 4ms)
 GET /api/duel?action=get_pending&userId=admin-vi4hdd4jsmp 200 in 4ms (compile: 1035µs, render: 3ms)
Error: seat reservation expired.
    at onConnection (/home/z/my-project/node_modules/@colyseus/ws-transport/build/WebSocketTransport.mjs:79:19)
    at emit (node:events:98:22)
    at completeUpgrade (ws:869:9)
    at handleUpgrade (ws:921:25)
    at doUpgrade (ws:789:27)
    at emit (node:events:101:22)
    at onNodeHTTPRequest (node:_http_server:347:26)
Error handling upgrade request TypeError: undefined is not an object (evaluating 'message')
    at abortHandshake (ws:531:14)
    at completeUpgrade (ws:871:21)
    at handleUpgrade (ws:921:25)
 GET /api/music 200 in 5ms (compile: 1733µs, render: 3ms)
 GET /api/chat?roomId=lobby-1 200 in 4ms (compile: 1163µs, render: 3ms)
 GET /api/music 200 in 5ms (compile: 1632µs, render: 3ms)
Error: seat reservation expired.
    at onConnection (/home/z/my-project/node_modules/@colyseus/ws-transport/build/WebSocketTransport.mjs:79:19)
    at emit (node:events:98:22)
    at completeUpgrade (ws:869:9)
    at handleUpgrade (ws:921:25)
    at doUpgrade (ws:789:27)
    at emit (node:events:101:22)
    at onNodeHTTPRequest (node:_http_server:347:26)
Error handling upgrade request TypeError: undefined is not an object (evaluating 'message')
    at abortHandshake (ws:531:14)
    at completeUpgrade (ws:871:21)
    at handleUpgrade (ws:921:25)
 GET /api/music 200 in 6ms (compile: 1727µs, render: 5ms)
 GET /api/chat?roomId=lobby-1 200 in 5ms (compile: 1496µs, render: 3ms)
 GET /api/chat?roomId=lobby-1 200 in 5ms (compile: 1632µs, render: 4ms)
 GET /api/music 200 in 4ms (compile: 1037µs, render: 3ms)
Error: seat reservation expired.
    at onConnection (/home/z/my-project/node_modules/@colyseus/ws-transport/build/WebSocketTransport.mjs:79:19)
    at emit (node:events:98:22)
    at completeUpgrade (ws:869:9)
    at handleUpgrade (ws:921:25)
    at doUpgrade (ws:789:27)
    at emit (node:events:101:22)
    at onNodeHTTPRequest (node:_http_server:347:26)
Error handling upgrade request TypeError: undefined is not an object (evaluating 'message')
    at abortHandshake (ws:531:14)
    at completeUpgrade (ws:871:21)
    at handleUpgrade (ws:921:25)
 GET /api/music 200 in 6ms (compile: 3ms, render: 4ms)
 GET /api/duel?action=get_pending&userId=admin-vi4hdd4jsmp 200 in 4ms (compile: 1640µs, render: 3ms)
 GET /api/music 200 in 5ms (compile: 1616µs, render: 3ms)
 GET /api/chat?roomId=lobby-1 200 in 4ms (compile: 1115µs, render: 3ms)
 GET /api/chat?roomId=lobby-1 200 in 8ms (compile: 1636µs, render: 6ms)
 GET /api/music 200 in 7ms (compile: 4ms, render: 3ms)
Error: seat reservation expired.
    at onConnection (/home/z/my-project/node_modules/@colyseus/ws-transport/build/WebSocketTransport.mjs:79:19)
    at emit (node:events:98:22)
    at completeUpgrade (ws:869:9)
    at handleUpgrade (ws:921:25)
    at doUpgrade (ws:789:27)
    at emit (node:events:101:22)
    at onNodeHTTPRequest (node:_http_server:347:26)
Error handling upgrade request TypeError: undefined is not an object (evaluating 'message')
    at abortHandshake (ws:531:14)
    at completeUpgrade (ws:871:21)
    at handleUpgrade (ws:921:25)
 GET /api/music 200 in 5ms (compile: 1432µs, render: 3ms)
 GET /api/chat?roomId=lobby-1 200 in 6ms (compile: 1888µs, render: 4ms)
 GET /api/music 200 in 4ms (compile: 982µs, render: 3ms)
 GET /api/music 200 in 9ms (compile: 2ms, render: 7ms)
 GET /api/duel?action=get_pending&userId=admin-vi4hdd4jsmp 200 in 11ms (compile: 8ms, render: 3ms)
 GET /api/chat?roomId=lobby-1 200 in 7ms (compile: 913µs, render: 7ms)
Error: seat reservation expired.
    at onConnection (/home/z/my-project/node_modules/@colyseus/ws-transport/build/WebSocketTransport.mjs:79:19)
    at emit (node:events:98:22)
    at completeUpgrade (ws:869:9)
    at handleUpgrade (ws:921:25)
    at doUpgrade (ws:789:27)
    at emit (node:events:101:22)
    at onNodeHTTPRequest (node:_http_server:347:26)
Error handling upgrade request TypeError: undefined is not an object (evaluating 'message')
    at abortHandshake (ws:531:14)
    at completeUpgrade (ws:871:21)
    at handleUpgrade (ws:921:25)
 GET /api/music 200 in 5ms (compile: 1348µs, render: 3ms)
TypeError: undefined is not an object (evaluating 'saveData[id].buildings')
    at <anonymous> (server/fortress-room.ts:648:18)
    at forEach (null)
    at <anonymous> (server/fortress-room.ts:647:24)
    at forEach (null)
    at savePlayers (server/fortress-room.ts:621:24)
    at <anonymous> (server/fortress-room.ts:126:12)
⨯ unhandledRejection: TypeError: undefined is not an object (evaluating 'saveData[id].buildings')
    at <anonymous> (server/fortress-room.ts:648:18)
    at forEach (null)
    at <anonymous> (server/fortress-room.ts:647:24)
    at forEach (null)
    at savePlayers (server/fortress-room.ts:621:24)
    at <anonymous> (server/fortress-room.ts:126:12)
⨯ unhandledRejection:  TypeError: undefined is not an object (evaluating 'saveData[id].buildings')
    at <anonymous> (server/fortress-room.ts:648:18)
    at forEach (null)
    at <anonymous> (server/fortress-room.ts:647:24)
    at forEach (null)
    at savePlayers (server/fortress-room.ts:621:24)
    at <anonymous> (server/fortress-room.ts:126:12)
TypeError: undefined is not an object (evaluating 'saveData[id].buildings')
    at <anonymous> (server/fortress-room.ts:648:18)
    at forEach (null)
    at <anonymous> (server/fortress-room.ts:647:24)
    at forEach (null)
    at savePlayers (server/fortress-room.ts:621:24)
    at <anonymous> (server/fortress-room.ts:126:12)
 GET /api/chat?roomId=lobby-1 200 in 8ms (compile: 1416µs, render: 7ms)
 GET /api/music 200 in 4ms (compile: 1798µs, render: 3ms)
 GET /api/chat?roomId=lobby-1 200 in 6ms (compile: 2ms, render: 4ms)
 GET /api/music 200 in 6ms (compile: 1169µs, render: 4ms)
Error: seat reservation expired.
    at onConnection (/home/z/my-project/node_modules/@colyseus/ws-transport/build/WebSocketTransport.mjs:79:19)
    at emit (node:events:98:22)
    at completeUpgrade (ws:869:9)
    at handleUpgrade (ws:921:25)
    at doUpgrade (ws:789:27)
    at emit (node:events:101:22)
    at onNodeHTTPRequest (node:_http_server:347:26)
Error handling upgrade request TypeError: undefined is not an object (evaluating 'message')
    at abortHandshake (ws:531:14)
    at completeUpgrade (ws:871:21)
    at handleUpgrade (ws:921:25)
 GET /api/music 200 in 5ms (compile: 1615µs, render: 4ms)
Error: seat reservation expired.
    at onConnection (/home/z/my-project/node_modules/@colyseus/ws-transport/build/WebSocketTransport.mjs:79:19)
    at emit (node:events:98:22)
    at completeUpgrade (ws:869:9)
    at handleUpgrade (ws:921:25)
    at doUpgrade (ws:789:27)
    at emit (node:events:101:22)
    at onNodeHTTPRequest (node:_http_server:347:26)
Error handling upgrade request TypeError: undefined is not an object (evaluating 'message')
    at abortHandshake (ws:531:14)
    at completeUpgrade (ws:871:21)
    at handleUpgrade (ws:921:25)
 GET /api/chat?roomId=lobby-1 200 in 6ms (compile: 1621µs, render: 5ms)
 GET /api/music 200 in 4ms (compile: 1112µs, render: 3ms)
 GET /api/duel?action=get_pending&userId=admin-vi4hdd4jsmp 200 in 8ms (compile: 5ms, render: 3ms)
 GET /api/chat?roomId=lobby-1 200 in 8ms (compile: 1768µs, render: 6ms)
 GET /api/music 200 in 8ms (compile: 4ms, render: 3ms)
Error: seat reservation expired.
    at onConnection (/home/z/my-project/node_modules/@colyseus/ws-transport/build/WebSocketTransport.mjs:79:19)
    at emit (node:events:98:22)
    at completeUpgrade (ws:869:9)
    at handleUpgrade (ws:921:25)
    at doUpgrade (ws:789:27)
    at emit (node:events:101:22)
    at onNodeHTTPRequest (node:_http_server:347:26)
Error handling upgrade request TypeError: undefined is not an object (evaluating 'message')
    at abortHandshake (ws:531:14)
    at completeUpgrade (ws:871:21)
    at handleUpgrade (ws:921:25)

🛑 Received SIGTERM...
🏰 Fortress Room disposed
error during shutdown: already_shutting_down
